mode: set
github.com/scalvert/glean-cli/main.go:13.13,15.38 2 0
github.com/scalvert/glean-cli/main.go:15.38,17.3 1 0
github.com/scalvert/glean-cli/internal/tui/commands.go:28.37,30.54 2 0
github.com/scalvert/glean-cli/internal/tui/commands.go:30.54,31.24 1 0
github.com/scalvert/glean-cli/internal/tui/commands.go:31.24,35.4 3 0
github.com/scalvert/glean-cli/internal/tui/commands.go:36.3,36.9 1 0
github.com/scalvert/glean-cli/internal/tui/commands.go:38.2,40.39 3 0
github.com/scalvert/glean-cli/internal/tui/commands.go:40.39,41.41 1 0
github.com/scalvert/glean-cli/internal/tui/commands.go:41.41,43.4 1 0
github.com/scalvert/glean-cli/internal/tui/commands.go:45.2,47.38 3 0
github.com/scalvert/glean-cli/internal/tui/commands.go:47.38,49.3 1 0
github.com/scalvert/glean-cli/internal/tui/commands.go:53.56,54.48 1 0
github.com/scalvert/glean-cli/internal/tui/commands.go:54.48,56.3 1 0
github.com/scalvert/glean-cli/internal/tui/commands.go:57.2,62.35 6 0
github.com/scalvert/glean-cli/internal/tui/commands.go:68.71,70.21 2 1
github.com/scalvert/glean-cli/internal/tui/commands.go:70.21,72.3 1 0
github.com/scalvert/glean-cli/internal/tui/commands.go:73.2,76.13 3 1
github.com/scalvert/glean-cli/internal/tui/commands.go:77.15,86.30 9 1
github.com/scalvert/glean-cli/internal/tui/commands.go:88.14,89.21 1 1
github.com/scalvert/glean-cli/internal/tui/commands.go:89.21,91.9 2 0
github.com/scalvert/glean-cli/internal/tui/commands.go:93.3,93.35 1 1
github.com/scalvert/glean-cli/internal/tui/commands.go:94.15,96.83 2 1
github.com/scalvert/glean-cli/internal/tui/commands.go:97.19,99.90 2 1
github.com/scalvert/glean-cli/internal/tui/commands.go:100.15,102.86 2 1
github.com/scalvert/glean-cli/internal/tui/commands.go:103.11,104.93 1 1
github.com/scalvert/glean-cli/internal/tui/commands.go:107.14,108.20 1 0
github.com/scalvert/glean-cli/internal/tui/commands.go:110.10,111.92 1 1
github.com/scalvert/glean-cli/internal/tui/commands.go:114.2,114.15 1 1
github.com/scalvert/glean-cli/internal/tui/commands.go:119.47,122.27 3 1
github.com/scalvert/glean-cli/internal/tui/commands.go:122.27,125.3 2 1
github.com/scalvert/glean-cli/internal/tui/commands.go:126.2,127.25 2 1
github.com/scalvert/glean-cli/internal/tui/filepicker.go:23.46,25.13 2 1
github.com/scalvert/glean-cli/internal/tui/filepicker.go:25.13,27.3 1 1
github.com/scalvert/glean-cli/internal/tui/filepicker.go:28.2,29.40 2 1
github.com/scalvert/glean-cli/internal/tui/filepicker.go:29.40,31.3 1 1
github.com/scalvert/glean-cli/internal/tui/filepicker.go:32.2,32.19 1 1
github.com/scalvert/glean-cli/internal/tui/filepicker.go:37.39,41.48 3 0
github.com/scalvert/glean-cli/internal/tui/filepicker.go:41.48,43.16 2 0
github.com/scalvert/glean-cli/internal/tui/filepicker.go:43.16,45.4 1 0
github.com/scalvert/glean-cli/internal/tui/filepicker.go:46.3,46.23 1 0
github.com/scalvert/glean-cli/internal/tui/filepicker.go:49.2,49.34 1 0
github.com/scalvert/glean-cli/internal/tui/filepicker.go:49.34,51.17 2 0
github.com/scalvert/glean-cli/internal/tui/filepicker.go:51.17,53.4 1 0
github.com/scalvert/glean-cli/internal/tui/filepicker.go:56.2,57.16 2 0
github.com/scalvert/glean-cli/internal/tui/filepicker.go:57.16,59.3 1 0
github.com/scalvert/glean-cli/internal/tui/filepicker.go:61.2,62.28 2 0
github.com/scalvert/glean-cli/internal/tui/filepicker.go:62.28,64.70 2 0
github.com/scalvert/glean-cli/internal/tui/filepicker.go:64.70,65.12 1 0
github.com/scalvert/glean-cli/internal/tui/filepicker.go:67.3,67.89 1 0
github.com/scalvert/glean-cli/internal/tui/filepicker.go:67.89,68.12 1 0
github.com/scalvert/glean-cli/internal/tui/filepicker.go:70.3,71.17 2 0
github.com/scalvert/glean-cli/internal/tui/filepicker.go:71.17,73.4 1 0
github.com/scalvert/glean-cli/internal/tui/filepicker.go:74.3,74.16 1 0
github.com/scalvert/glean-cli/internal/tui/filepicker.go:74.16,76.4 1 0
github.com/scalvert/glean-cli/internal/tui/filepicker.go:77.3,78.25 2 0
github.com/scalvert/glean-cli/internal/tui/filepicker.go:78.25,79.9 1 0
github.com/scalvert/glean-cli/internal/tui/filepicker.go:82.2,82.16 1 0
github.com/scalvert/glean-cli/internal/tui/filepicker.go:88.58,90.16 2 1
github.com/scalvert/glean-cli/internal/tui/filepicker.go:90.16,92.3 1 0
github.com/scalvert/glean-cli/internal/tui/filepicker.go:95.2,96.23 2 1
github.com/scalvert/glean-cli/internal/tui/filepicker.go:96.23,98.3 1 1
github.com/scalvert/glean-cli/internal/tui/filepicker.go:99.2,99.35 1 1
github.com/scalvert/glean-cli/internal/tui/filepicker.go:99.35,101.3 1 1
github.com/scalvert/glean-cli/internal/tui/filepicker.go:103.2,104.33 2 1
github.com/scalvert/glean-cli/internal/tui/filepicker.go:104.33,106.3 1 1
github.com/scalvert/glean-cli/internal/tui/filepicker.go:107.2,107.56 1 1
github.com/scalvert/glean-cli/internal/tui/filepicker.go:112.72,113.21 1 1
github.com/scalvert/glean-cli/internal/tui/filepicker.go:113.21,115.3 1 1
github.com/scalvert/glean-cli/internal/tui/filepicker.go:116.2,117.26 2 1
github.com/scalvert/glean-cli/internal/tui/filepicker.go:117.26,119.3 1 1
github.com/scalvert/glean-cli/internal/tui/filepicker.go:120.2,121.20 2 1
github.com/scalvert/glean-cli/internal/tui/model.go:96.102,119.16 15 1
github.com/scalvert/glean-cli/internal/tui/model.go:119.16,121.3 1 0
github.com/scalvert/glean-cli/internal/tui/model.go:123.2,138.37 2 1
github.com/scalvert/glean-cli/internal/tui/model.go:138.37,140.3 1 0
github.com/scalvert/glean-cli/internal/tui/model.go:141.2,144.15 3 1
github.com/scalvert/glean-cli/internal/tui/model.go:148.36,150.2 1 0
github.com/scalvert/glean-cli/internal/tui/model.go:153.32,155.2 1 0
github.com/scalvert/glean-cli/internal/tui/model.go:158.58,165.27 2 1
github.com/scalvert/glean-cli/internal/tui/model.go:167.25,170.24 3 0
github.com/scalvert/glean-cli/internal/tui/model.go:172.18,174.24 1 1
github.com/scalvert/glean-cli/internal/tui/model.go:174.24,175.24 1 0
github.com/scalvert/glean-cli/internal/tui/model.go:176.24,177.29 1 0
github.com/scalvert/glean-cli/internal/tui/model.go:177.29,179.6 1 0
github.com/scalvert/glean-cli/internal/tui/model.go:180.5,180.18 1 0
github.com/scalvert/glean-cli/internal/tui/model.go:181.26,182.52 1 0
github.com/scalvert/glean-cli/internal/tui/model.go:182.52,184.6 1 0
github.com/scalvert/glean-cli/internal/tui/model.go:185.5,185.18 1 0
github.com/scalvert/glean-cli/internal/tui/model.go:186.24,187.31 1 0
github.com/scalvert/glean-cli/internal/tui/model.go:188.15,193.18 5 0
github.com/scalvert/glean-cli/internal/tui/model.go:198.3,198.23 1 1
github.com/scalvert/glean-cli/internal/tui/model.go:198.23,199.24 1 1
github.com/scalvert/glean-cli/internal/tui/model.go:200.24,201.28 1 1
github.com/scalvert/glean-cli/internal/tui/model.go:201.28,203.6 1 1
github.com/scalvert/glean-cli/internal/tui/model.go:204.5,204.18 1 1
github.com/scalvert/glean-cli/internal/tui/model.go:205.26,206.51 1 1
github.com/scalvert/glean-cli/internal/tui/model.go:206.51,208.6 1 1
github.com/scalvert/glean-cli/internal/tui/model.go:209.5,209.18 1 1
github.com/scalvert/glean-cli/internal/tui/model.go:210.24,212.18 2 0
github.com/scalvert/glean-cli/internal/tui/model.go:213.15,215.18 2 1
github.com/scalvert/glean-cli/internal/tui/model.go:219.3,219.23 1 1
github.com/scalvert/glean-cli/internal/tui/model.go:220.14,221.22 1 0
github.com/scalvert/glean-cli/internal/tui/model.go:221.22,226.5 3 0
github.com/scalvert/glean-cli/internal/tui/model.go:227.4,227.22 1 0
github.com/scalvert/glean-cli/internal/tui/model.go:229.17,231.67 2 0
github.com/scalvert/glean-cli/internal/tui/model.go:231.67,234.5 1 0
github.com/scalvert/glean-cli/internal/tui/model.go:235.4,237.17 3 0
github.com/scalvert/glean-cli/internal/tui/model.go:239.17,241.17 2 0
github.com/scalvert/glean-cli/internal/tui/model.go:243.17,247.17 3 0
github.com/scalvert/glean-cli/internal/tui/model.go:249.17,266.17 17 1
github.com/scalvert/glean-cli/internal/tui/model.go:268.25,269.52 1 0
github.com/scalvert/glean-cli/internal/tui/model.go:269.52,272.5 2 0
github.com/scalvert/glean-cli/internal/tui/model.go:274.13,276.53 1 0
github.com/scalvert/glean-cli/internal/tui/model.go:276.53,278.22 2 0
github.com/scalvert/glean-cli/internal/tui/model.go:278.22,279.28 1 0
github.com/scalvert/glean-cli/internal/tui/model.go:279.28,281.7 1 0
github.com/scalvert/glean-cli/internal/tui/model.go:281.12,281.33 1 0
github.com/scalvert/glean-cli/internal/tui/model.go:281.33,283.7 1 0
github.com/scalvert/glean-cli/internal/tui/model.go:284.6,286.19 3 0
github.com/scalvert/glean-cli/internal/tui/model.go:290.4,290.52 1 0
github.com/scalvert/glean-cli/internal/tui/model.go:290.52,293.5 2 0
github.com/scalvert/glean-cli/internal/tui/model.go:295.15,296.43 1 0
github.com/scalvert/glean-cli/internal/tui/model.go:296.43,299.34 3 0
github.com/scalvert/glean-cli/internal/tui/model.go:299.34,302.6 2 0
github.com/scalvert/glean-cli/internal/tui/model.go:302.11,305.6 2 0
github.com/scalvert/glean-cli/internal/tui/model.go:306.5,306.18 1 0
github.com/scalvert/glean-cli/internal/tui/model.go:308.4,308.52 1 0
github.com/scalvert/glean-cli/internal/tui/model.go:308.52,311.5 2 0
github.com/scalvert/glean-cli/internal/tui/model.go:313.17,314.51 1 0
github.com/scalvert/glean-cli/internal/tui/model.go:314.51,315.49 1 0
github.com/scalvert/glean-cli/internal/tui/model.go:315.49,317.11 2 0
github.com/scalvert/glean-cli/internal/tui/model.go:320.4,320.17 1 0
github.com/scalvert/glean-cli/internal/tui/model.go:322.16,323.21 1 1
github.com/scalvert/glean-cli/internal/tui/model.go:323.21,325.5 1 0
github.com/scalvert/glean-cli/internal/tui/model.go:326.4,327.22 2 1
github.com/scalvert/glean-cli/internal/tui/model.go:327.22,329.5 1 0
github.com/scalvert/glean-cli/internal/tui/model.go:330.4,334.40 3 1
github.com/scalvert/glean-cli/internal/tui/model.go:334.40,336.5 1 1
github.com/scalvert/glean-cli/internal/tui/model.go:338.4,341.29 2 1
github.com/scalvert/glean-cli/internal/tui/model.go:341.29,344.5 2 0
github.com/scalvert/glean-cli/internal/tui/model.go:348.4,349.32 2 1
github.com/scalvert/glean-cli/internal/tui/model.go:349.32,352.5 2 1
github.com/scalvert/glean-cli/internal/tui/model.go:355.4,370.75 8 1
github.com/scalvert/glean-cli/internal/tui/model.go:373.25,376.20 2 0
github.com/scalvert/glean-cli/internal/tui/model.go:376.20,379.4 2 0
github.com/scalvert/glean-cli/internal/tui/model.go:380.3,380.18 1 0
github.com/scalvert/glean-cli/internal/tui/model.go:382.30,384.18 2 0
github.com/scalvert/glean-cli/internal/tui/model.go:386.26,388.18 2 0
github.com/scalvert/glean-cli/internal/tui/model.go:390.22,395.39 5 0
github.com/scalvert/glean-cli/internal/tui/model.go:397.23,398.20 1 0
github.com/scalvert/glean-cli/internal/tui/model.go:398.20,403.4 4 0
github.com/scalvert/glean-cli/internal/tui/model.go:405.25,411.24 6 1
github.com/scalvert/glean-cli/internal/tui/model.go:411.24,416.4 2 1
github.com/scalvert/glean-cli/internal/tui/model.go:417.3,417.21 1 1
github.com/scalvert/glean-cli/internal/tui/model.go:417.21,419.4 1 1
github.com/scalvert/glean-cli/internal/tui/model.go:419.9,419.28 1 1
github.com/scalvert/glean-cli/internal/tui/model.go:419.28,428.4 3 1
github.com/scalvert/glean-cli/internal/tui/model.go:429.3,431.16 3 1
github.com/scalvert/glean-cli/internal/tui/model.go:434.20,435.51 1 0
github.com/scalvert/glean-cli/internal/tui/model.go:435.51,438.4 2 0
github.com/scalvert/glean-cli/internal/tui/model.go:441.2,445.42 2 0
github.com/scalvert/glean-cli/internal/tui/model.go:445.42,447.3 1 0
github.com/scalvert/glean-cli/internal/tui/model.go:449.2,449.41 1 0
github.com/scalvert/glean-cli/internal/tui/model.go:449.41,451.25 2 0
github.com/scalvert/glean-cli/internal/tui/model.go:451.25,453.4 1 0
github.com/scalvert/glean-cli/internal/tui/model.go:456.2,456.35 1 0
github.com/scalvert/glean-cli/internal/tui/model.go:463.35,465.52 2 1
github.com/scalvert/glean-cli/internal/tui/model.go:465.52,467.3 1 0
github.com/scalvert/glean-cli/internal/tui/model.go:467.8,470.3 2 1
github.com/scalvert/glean-cli/internal/tui/model.go:471.2,479.12 7 1
github.com/scalvert/glean-cli/internal/tui/model.go:479.12,492.20 5 1
github.com/scalvert/glean-cli/internal/tui/model.go:492.20,494.4 1 1
github.com/scalvert/glean-cli/internal/tui/model.go:495.3,496.17 2 1
github.com/scalvert/glean-cli/internal/tui/model.go:496.17,499.4 2 1
github.com/scalvert/glean-cli/internal/tui/model.go:500.3,509.22 8 0
github.com/scalvert/glean-cli/internal/tui/model.go:509.22,511.38 2 0
github.com/scalvert/glean-cli/internal/tui/model.go:511.38,512.13 1 0
github.com/scalvert/glean-cli/internal/tui/model.go:514.4,515.62 2 0
github.com/scalvert/glean-cli/internal/tui/model.go:515.62,516.13 1 0
github.com/scalvert/glean-cli/internal/tui/model.go:518.4,518.51 1 0
github.com/scalvert/glean-cli/internal/tui/model.go:518.51,520.5 1 0
github.com/scalvert/glean-cli/internal/tui/model.go:521.4,521.41 1 0
github.com/scalvert/glean-cli/internal/tui/model.go:521.41,522.34 1 0
github.com/scalvert/glean-cli/internal/tui/model.go:522.34,523.14 1 0
github.com/scalvert/glean-cli/internal/tui/model.go:525.5,525.32 1 0
github.com/scalvert/glean-cli/internal/tui/model.go:526.39,528.44 1 0
github.com/scalvert/glean-cli/internal/tui/model.go:528.44,529.47 1 0
github.com/scalvert/glean-cli/internal/tui/model.go:529.47,530.68 1 0
github.com/scalvert/glean-cli/internal/tui/model.go:530.68,532.9 1 0
github.com/scalvert/glean-cli/internal/tui/model.go:535.40,537.44 1 0
github.com/scalvert/glean-cli/internal/tui/model.go:537.44,538.47 1 0
github.com/scalvert/glean-cli/internal/tui/model.go:538.47,540.8 1 0
github.com/scalvert/glean-cli/internal/tui/model.go:541.7,541.49 1 0
github.com/scalvert/glean-cli/internal/tui/model.go:541.49,542.30 1 0
github.com/scalvert/glean-cli/internal/tui/model.go:542.30,543.17 1 0
github.com/scalvert/glean-cli/internal/tui/model.go:545.8,546.36 2 0
github.com/scalvert/glean-cli/internal/tui/model.go:546.36,548.9 1 0
github.com/scalvert/glean-cli/internal/tui/model.go:549.8,549.34 1 0
github.com/scalvert/glean-cli/internal/tui/model.go:549.34,551.9 1 0
github.com/scalvert/glean-cli/internal/tui/model.go:552.8,552.41 1 0
github.com/scalvert/glean-cli/internal/tui/model.go:552.41,554.9 1 0
github.com/scalvert/glean-cli/internal/tui/model.go:554.14,554.88 1 0
github.com/scalvert/glean-cli/internal/tui/model.go:554.88,556.9 1 0
github.com/scalvert/glean-cli/internal/tui/model.go:557.8,557.26 1 0
github.com/scalvert/glean-cli/internal/tui/model.go:557.26,560.9 2 0
github.com/scalvert/glean-cli/internal/tui/model.go:566.3,566.39 1 0
github.com/scalvert/glean-cli/internal/tui/model.go:566.39,569.4 2 0
github.com/scalvert/glean-cli/internal/tui/model.go:571.3,579.4 3 0
github.com/scalvert/glean-cli/internal/tui/model.go:582.2,582.27 1 1
github.com/scalvert/glean-cli/internal/tui/model.go:587.48,588.24 1 1
github.com/scalvert/glean-cli/internal/tui/model.go:588.24,590.3 1 0
github.com/scalvert/glean-cli/internal/tui/model.go:595.57,604.27 2 0
github.com/scalvert/glean-cli/internal/tui/model.go:604.27,605.40 1 0
github.com/scalvert/glean-cli/internal/tui/model.go:605.40,608.4 2 0
github.com/scalvert/glean-cli/internal/tui/model.go:610.2,611.42 2 0
github.com/scalvert/glean-cli/internal/tui/model.go:611.42,613.3 1 0
github.com/scalvert/glean-cli/internal/tui/model.go:614.2,614.15 1 0
github.com/scalvert/glean-cli/internal/tui/model.go:620.37,621.35 1 1
github.com/scalvert/glean-cli/internal/tui/model.go:621.35,623.3 1 0
github.com/scalvert/glean-cli/internal/tui/model.go:624.2,628.26 3 1
github.com/scalvert/glean-cli/internal/tui/model.go:628.26,630.3 1 0
github.com/scalvert/glean-cli/internal/tui/model.go:630.8,632.3 1 1
github.com/scalvert/glean-cli/internal/tui/model.go:634.2,634.23 1 1
github.com/scalvert/glean-cli/internal/tui/model.go:634.23,636.21 2 1
github.com/scalvert/glean-cli/internal/tui/model.go:636.21,638.4 1 0
github.com/scalvert/glean-cli/internal/tui/model.go:639.3,639.58 1 1
github.com/scalvert/glean-cli/internal/tui/model.go:639.58,641.4 1 1
github.com/scalvert/glean-cli/internal/tui/model.go:648.43,649.35 1 1
github.com/scalvert/glean-cli/internal/tui/model.go:649.35,651.3 1 0
github.com/scalvert/glean-cli/internal/tui/model.go:652.2,656.22 5 1
github.com/scalvert/glean-cli/internal/tui/model.go:656.22,658.12 2 0
github.com/scalvert/glean-cli/internal/tui/model.go:658.12,660.4 1 0
github.com/scalvert/glean-cli/internal/tui/model.go:661.3,661.18 1 0
github.com/scalvert/glean-cli/internal/tui/model.go:662.8,662.30 1 1
github.com/scalvert/glean-cli/internal/tui/model.go:662.30,664.3 1 0
github.com/scalvert/glean-cli/internal/tui/model.go:665.2,666.30 2 1
github.com/scalvert/glean-cli/internal/tui/model.go:666.30,668.3 1 0
github.com/scalvert/glean-cli/internal/tui/model.go:669.2,670.16 2 1
github.com/scalvert/glean-cli/internal/tui/model.go:670.16,672.3 1 0
github.com/scalvert/glean-cli/internal/tui/model.go:675.2,675.33 1 1
github.com/scalvert/glean-cli/internal/tui/model.go:675.33,677.3 1 0
github.com/scalvert/glean-cli/internal/tui/model.go:679.2,682.18 4 1
github.com/scalvert/glean-cli/internal/tui/model.go:682.18,684.3 1 0
github.com/scalvert/glean-cli/internal/tui/model.go:685.2,685.13 1 1
github.com/scalvert/glean-cli/internal/tui/model.go:685.13,687.3 1 0
github.com/scalvert/glean-cli/internal/tui/model.go:688.2,688.25 1 1
github.com/scalvert/glean-cli/internal/tui/model.go:692.41,693.35 1 1
github.com/scalvert/glean-cli/internal/tui/model.go:693.35,695.3 1 0
github.com/scalvert/glean-cli/internal/tui/model.go:696.2,702.22 3 1
github.com/scalvert/glean-cli/internal/tui/model.go:702.22,704.12 2 0
github.com/scalvert/glean-cli/internal/tui/model.go:704.12,706.4 1 0
github.com/scalvert/glean-cli/internal/tui/model.go:707.3,707.18 1 0
github.com/scalvert/glean-cli/internal/tui/model.go:709.2,710.30 2 1
github.com/scalvert/glean-cli/internal/tui/model.go:710.30,712.3 1 0
github.com/scalvert/glean-cli/internal/tui/model.go:713.2,714.11 2 1
github.com/scalvert/glean-cli/internal/tui/model.go:714.11,716.3 1 0
github.com/scalvert/glean-cli/internal/tui/model.go:717.2,717.10 1 1
github.com/scalvert/glean-cli/internal/tui/model.go:722.45,724.39 2 1
github.com/scalvert/glean-cli/internal/tui/model.go:724.39,725.20 1 1
github.com/scalvert/glean-cli/internal/tui/model.go:726.17,730.26 4 1
github.com/scalvert/glean-cli/internal/tui/model.go:731.19,733.26 2 1
github.com/scalvert/glean-cli/internal/tui/model.go:734.22,736.29 2 1
github.com/scalvert/glean-cli/internal/tui/model.go:736.29,738.36 2 1
github.com/scalvert/glean-cli/internal/tui/model.go:738.36,740.21 2 1
github.com/scalvert/glean-cli/internal/tui/model.go:740.21,742.7 1 0
github.com/scalvert/glean-cli/internal/tui/model.go:743.6,744.39 2 1
github.com/scalvert/glean-cli/internal/tui/model.go:744.39,746.7 1 0
github.com/scalvert/glean-cli/internal/tui/model.go:747.6,748.18 2 1
github.com/scalvert/glean-cli/internal/tui/model.go:748.18,750.7 1 0
github.com/scalvert/glean-cli/internal/tui/model.go:751.6,751.100 1 1
github.com/scalvert/glean-cli/internal/tui/model.go:753.5,753.25 1 1
github.com/scalvert/glean-cli/internal/tui/model.go:756.4,756.26 1 1
github.com/scalvert/glean-cli/internal/tui/model.go:756.26,759.5 2 1
github.com/scalvert/glean-cli/internal/tui/model.go:766.2,766.19 1 1
github.com/scalvert/glean-cli/internal/tui/model.go:766.19,771.27 4 1
github.com/scalvert/glean-cli/internal/tui/model.go:771.27,772.29 1 0
github.com/scalvert/glean-cli/internal/tui/model.go:772.29,774.5 1 0
github.com/scalvert/glean-cli/internal/tui/model.go:774.10,776.5 1 0
github.com/scalvert/glean-cli/internal/tui/model.go:777.4,777.43 1 0
github.com/scalvert/glean-cli/internal/tui/model.go:778.9,782.4 1 1
github.com/scalvert/glean-cli/internal/tui/model.go:783.3,785.25 3 1
github.com/scalvert/glean-cli/internal/tui/model.go:788.2,788.22 1 1
github.com/scalvert/glean-cli/internal/tui/model.go:788.22,792.3 3 1
github.com/scalvert/glean-cli/internal/tui/model.go:793.2,793.20 1 1
github.com/scalvert/glean-cli/internal/tui/model.go:797.50,798.19 1 1
github.com/scalvert/glean-cli/internal/tui/model.go:799.16,805.5 2 1
github.com/scalvert/glean-cli/internal/tui/model.go:806.21,812.5 2 1
github.com/scalvert/glean-cli/internal/tui/model.go:817.52,818.23 1 1
github.com/scalvert/glean-cli/internal/tui/model.go:818.23,820.3 1 0
github.com/scalvert/glean-cli/internal/tui/model.go:821.2,822.16 2 1
github.com/scalvert/glean-cli/internal/tui/model.go:822.16,824.3 1 0
github.com/scalvert/glean-cli/internal/tui/model.go:825.2,825.17 1 1
github.com/scalvert/glean-cli/internal/tui/model.go:829.42,831.26 2 1
github.com/scalvert/glean-cli/internal/tui/model.go:831.26,832.25 1 1
github.com/scalvert/glean-cli/internal/tui/model.go:832.25,834.4 1 1
github.com/scalvert/glean-cli/internal/tui/model.go:836.2,836.13 1 1
github.com/scalvert/glean-cli/internal/tui/model.go:840.38,842.9 2 1
github.com/scalvert/glean-cli/internal/tui/model.go:843.101,844.110 1 0
github.com/scalvert/glean-cli/internal/tui/model.go:845.49,846.30 1 0
github.com/scalvert/glean-cli/internal/tui/model.go:847.92,848.68 1 1
github.com/scalvert/glean-cli/internal/tui/model.go:849.78,850.80 1 0
github.com/scalvert/glean-cli/internal/tui/model.go:851.41,852.81 1 0
github.com/scalvert/glean-cli/internal/tui/model.go:853.39,854.63 1 0
github.com/scalvert/glean-cli/internal/tui/model.go:855.10,856.13 1 0
github.com/scalvert/glean-cli/internal/tui/model.go:862.36,864.9 2 1
github.com/scalvert/glean-cli/internal/tui/model.go:864.9,865.23 1 1
github.com/scalvert/glean-cli/internal/tui/model.go:865.23,867.4 1 1
github.com/scalvert/glean-cli/internal/tui/model.go:868.3,868.9 1 1
github.com/scalvert/glean-cli/internal/tui/model.go:870.2,871.21 2 0
github.com/scalvert/glean-cli/internal/tui/model.go:871.21,872.23 1 0
github.com/scalvert/glean-cli/internal/tui/model.go:872.23,874.4 1 0
github.com/scalvert/glean-cli/internal/tui/model.go:875.3,875.9 1 0
github.com/scalvert/glean-cli/internal/tui/model.go:877.2,879.23 3 0
github.com/scalvert/glean-cli/internal/tui/model.go:879.23,883.3 3 0
github.com/scalvert/glean-cli/internal/tui/model.go:883.8,883.54 1 0
github.com/scalvert/glean-cli/internal/tui/model.go:883.54,885.3 1 0
github.com/scalvert/glean-cli/internal/tui/model.go:889.31,894.2 4 1
github.com/scalvert/glean-cli/internal/tui/model.go:898.36,899.47 1 0
github.com/scalvert/glean-cli/internal/tui/model.go:899.47,901.3 1 0
github.com/scalvert/glean-cli/internal/tui/model.go:902.2,905.38 2 0
github.com/scalvert/glean-cli/internal/tui/model.go:905.38,908.15 3 0
github.com/scalvert/glean-cli/internal/tui/model.go:908.15,911.4 2 0
github.com/scalvert/glean-cli/internal/tui/model.go:912.3,913.9 2 0
github.com/scalvert/glean-cli/internal/tui/model.go:917.2,917.31 1 0
github.com/scalvert/glean-cli/internal/tui/model.go:917.31,921.3 3 0
github.com/scalvert/glean-cli/internal/tui/model.go:923.2,924.16 2 0
github.com/scalvert/glean-cli/internal/tui/model.go:924.16,928.3 3 0
github.com/scalvert/glean-cli/internal/tui/model.go:930.2,935.16 4 0
github.com/scalvert/glean-cli/internal/tui/model.go:935.16,938.3 2 0
github.com/scalvert/glean-cli/internal/tui/model.go:940.2,941.107 2 0
github.com/scalvert/glean-cli/internal/tui/model.go:948.71,962.2 10 1
github.com/scalvert/glean-cli/internal/tui/session.go:32.36,34.16 2 1
github.com/scalvert/glean-cli/internal/tui/session.go:34.16,36.3 1 0
github.com/scalvert/glean-cli/internal/tui/session.go:37.2,37.55 1 1
github.com/scalvert/glean-cli/internal/tui/session.go:41.28,43.16 2 0
github.com/scalvert/glean-cli/internal/tui/session.go:43.16,45.3 1 0
github.com/scalvert/glean-cli/internal/tui/session.go:46.2,48.16 3 0
github.com/scalvert/glean-cli/internal/tui/session.go:48.16,50.3 1 0
github.com/scalvert/glean-cli/internal/tui/session.go:51.2,52.49 2 0
github.com/scalvert/glean-cli/internal/tui/session.go:52.49,54.3 1 0
github.com/scalvert/glean-cli/internal/tui/session.go:55.2,55.11 1 0
github.com/scalvert/glean-cli/internal/tui/session.go:59.32,61.16 2 1
github.com/scalvert/glean-cli/internal/tui/session.go:61.16,63.3 1 0
github.com/scalvert/glean-cli/internal/tui/session.go:64.2,64.47 1 1
github.com/scalvert/glean-cli/internal/tui/session.go:64.47,66.3 1 0
github.com/scalvert/glean-cli/internal/tui/session.go:67.2,68.16 2 1
github.com/scalvert/glean-cli/internal/tui/session.go:68.16,70.3 1 0
github.com/scalvert/glean-cli/internal/tui/session.go:71.2,71.68 1 1
github.com/scalvert/glean-cli/internal/tui/session.go:75.67,77.2 1 1
github.com/scalvert/glean-cli/internal/tui/session.go:81.41,84.2 2 1
github.com/scalvert/glean-cli/internal/tui/view.go:17.31,18.18 1 0
github.com/scalvert/glean-cli/internal/tui/view.go:18.18,20.3 1 0
github.com/scalvert/glean-cli/internal/tui/view.go:21.2,21.16 1 0
github.com/scalvert/glean-cli/internal/tui/view.go:21.16,23.3 1 0
github.com/scalvert/glean-cli/internal/tui/view.go:26.2,35.20 4 0
github.com/scalvert/glean-cli/internal/tui/view.go:35.20,37.3 1 0
github.com/scalvert/glean-cli/internal/tui/view.go:40.2,45.19 3 0
github.com/scalvert/glean-cli/internal/tui/view.go:45.19,47.3 1 0
github.com/scalvert/glean-cli/internal/tui/view.go:50.2,50.27 1 0
github.com/scalvert/glean-cli/internal/tui/view.go:50.27,52.17 2 0
github.com/scalvert/glean-cli/internal/tui/view.go:52.17,54.4 1 0
github.com/scalvert/glean-cli/internal/tui/view.go:55.3,56.20 2 0
github.com/scalvert/glean-cli/internal/tui/view.go:56.20,58.4 1 0
github.com/scalvert/glean-cli/internal/tui/view.go:59.3,60.56 2 0
github.com/scalvert/glean-cli/internal/tui/view.go:64.2,66.16 3 0
github.com/scalvert/glean-cli/internal/tui/view.go:66.16,68.3 1 0
github.com/scalvert/glean-cli/internal/tui/view.go:69.2,70.19 2 0
github.com/scalvert/glean-cli/internal/tui/view.go:70.19,72.3 1 0
github.com/scalvert/glean-cli/internal/tui/view.go:73.2,74.55 2 0
github.com/scalvert/glean-cli/internal/tui/view.go:79.37,81.71 2 0
github.com/scalvert/glean-cli/internal/tui/view.go:81.71,84.3 2 0
github.com/scalvert/glean-cli/internal/tui/view.go:84.8,86.3 1 0
github.com/scalvert/glean-cli/internal/tui/view.go:88.2,91.17 4 0
github.com/scalvert/glean-cli/internal/tui/view.go:91.17,93.3 1 0
github.com/scalvert/glean-cli/internal/tui/view.go:94.2,94.16 1 0
github.com/scalvert/glean-cli/internal/tui/view.go:94.16,96.3 1 0
github.com/scalvert/glean-cli/internal/tui/view.go:97.2,98.20 2 0
github.com/scalvert/glean-cli/internal/tui/view.go:102.38,106.50 3 0
github.com/scalvert/glean-cli/internal/tui/view.go:106.50,108.3 1 0
github.com/scalvert/glean-cli/internal/tui/view.go:108.8,110.3 1 0
github.com/scalvert/glean-cli/internal/tui/view.go:112.2,113.20 2 0
github.com/scalvert/glean-cli/internal/tui/view.go:117.41,118.36 1 1
github.com/scalvert/glean-cli/internal/tui/view.go:118.36,119.44 1 1
github.com/scalvert/glean-cli/internal/tui/view.go:119.44,122.33 3 1
github.com/scalvert/glean-cli/internal/tui/view.go:122.33,124.5 1 1
github.com/scalvert/glean-cli/internal/tui/view.go:125.4,125.36 1 1
github.com/scalvert/glean-cli/internal/tui/view.go:128.2,128.11 1 1
github.com/scalvert/glean-cli/internal/tui/view.go:133.37,138.15 4 1
github.com/scalvert/glean-cli/internal/tui/view.go:138.15,143.3 1 0
github.com/scalvert/glean-cli/internal/tui/view.go:143.8,145.3 1 1
github.com/scalvert/glean-cli/internal/tui/view.go:147.2,152.13 5 1
github.com/scalvert/glean-cli/internal/tui/view.go:152.13,154.3 1 0
github.com/scalvert/glean-cli/internal/tui/view.go:155.2,155.48 1 1
github.com/scalvert/glean-cli/internal/tui/view.go:159.35,178.30 6 0
github.com/scalvert/glean-cli/internal/tui/view.go:178.30,179.18 1 0
github.com/scalvert/glean-cli/internal/tui/view.go:179.18,181.12 2 0
github.com/scalvert/glean-cli/internal/tui/view.go:183.3,187.30 2 0
github.com/scalvert/glean-cli/internal/tui/view.go:189.2,192.20 4 0
github.com/scalvert/glean-cli/internal/tui/view.go:196.42,197.55 1 0
github.com/scalvert/glean-cli/internal/tui/view.go:197.55,199.3 1 0
github.com/scalvert/glean-cli/internal/tui/view.go:200.2,201.40 2 0
github.com/scalvert/glean-cli/internal/tui/view.go:201.40,204.28 3 0
github.com/scalvert/glean-cli/internal/tui/view.go:204.28,206.4 1 0
github.com/scalvert/glean-cli/internal/tui/view.go:207.3,207.44 1 0
github.com/scalvert/glean-cli/internal/tui/view.go:209.2,209.20 1 0
github.com/scalvert/glean-cli/internal/tui/view.go:214.41,215.54 1 0
github.com/scalvert/glean-cli/internal/tui/view.go:215.54,217.3 1 0
github.com/scalvert/glean-cli/internal/tui/view.go:218.2,220.27 3 0
github.com/scalvert/glean-cli/internal/tui/view.go:220.27,222.3 1 0
github.com/scalvert/glean-cli/internal/tui/view.go:223.2,225.29 3 0
github.com/scalvert/glean-cli/internal/tui/view.go:225.29,226.27 1 0
github.com/scalvert/glean-cli/internal/tui/view.go:226.27,228.4 1 0
github.com/scalvert/glean-cli/internal/tui/view.go:228.9,230.4 1 0
github.com/scalvert/glean-cli/internal/tui/view.go:231.3,231.23 1 0
github.com/scalvert/glean-cli/internal/tui/view.go:233.2,233.20 1 0
github.com/scalvert/glean-cli/internal/tui/view.go:238.44,239.31 1 0
github.com/scalvert/glean-cli/internal/tui/view.go:239.31,241.3 1 0
github.com/scalvert/glean-cli/internal/tui/view.go:242.2,243.36 2 0
github.com/scalvert/glean-cli/internal/tui/view.go:243.36,245.3 1 0
github.com/scalvert/glean-cli/internal/tui/view.go:246.2,246.42 1 0
github.com/scalvert/glean-cli/internal/tui/view.go:251.72,254.29 3 0
github.com/scalvert/glean-cli/internal/tui/view.go:254.29,256.3 1 0
github.com/scalvert/glean-cli/internal/tui/view.go:257.2,257.35 1 0
github.com/scalvert/glean-cli/internal/tui/view.go:261.45,264.13 3 0
github.com/scalvert/glean-cli/internal/tui/view.go:264.13,266.3 1 0
github.com/scalvert/glean-cli/internal/tui/view.go:267.2,267.37 1 0
github.com/scalvert/glean-cli/internal/tui/view.go:272.36,274.44 2 0
github.com/scalvert/glean-cli/internal/tui/view.go:274.44,276.3 1 0
github.com/scalvert/glean-cli/internal/tui/view.go:278.2,283.14 5 0
github.com/scalvert/glean-cli/internal/tui/view.go:283.14,285.3 1 0
github.com/scalvert/glean-cli/internal/tui/view.go:285.8,287.3 1 0
github.com/scalvert/glean-cli/internal/tui/view.go:289.2,297.13 7 0
github.com/scalvert/glean-cli/internal/tui/view.go:297.13,299.3 1 0
github.com/scalvert/glean-cli/internal/tui/view.go:300.2,300.48 1 0
github.com/scalvert/glean-cli/internal/tui/view.go:303.28,304.12 1 0
github.com/scalvert/glean-cli/internal/tui/view.go:304.12,306.3 1 0
github.com/scalvert/glean-cli/internal/tui/view.go:307.2,307.12 1 0
github.com/scalvert/glean-cli/internal/client/client.go:26.52,27.25 1 0
github.com/scalvert/glean-cli/internal/client/client.go:27.25,29.3 1 0
github.com/scalvert/glean-cli/internal/client/client.go:31.2,32.17 2 0
github.com/scalvert/glean-cli/internal/client/client.go:32.17,34.3 1 0
github.com/scalvert/glean-cli/internal/client/client.go:35.2,35.17 1 0
github.com/scalvert/glean-cli/internal/client/client.go:35.17,37.3 1 0
github.com/scalvert/glean-cli/internal/client/client.go:39.2,46.26 3 0
github.com/scalvert/glean-cli/internal/client/client.go:46.26,48.3 1 0
github.com/scalvert/glean-cli/internal/client/client.go:50.2,50.32 1 0
github.com/scalvert/glean-cli/internal/client/client.go:59.44,61.16 2 0
github.com/scalvert/glean-cli/internal/client/client.go:61.16,63.3 1 0
github.com/scalvert/glean-cli/internal/client/client.go:64.2,64.21 1 0
github.com/scalvert/glean-cli/internal/client/client.go:70.42,71.46 1 0
github.com/scalvert/glean-cli/internal/client/client.go:71.46,73.3 1 0
github.com/scalvert/glean-cli/internal/client/client.go:74.2,74.33 1 0
github.com/scalvert/glean-cli/internal/client/client.go:74.33,79.3 1 0
github.com/scalvert/glean-cli/internal/client/client.go:80.2,80.13 1 0
github.com/scalvert/glean-cli/internal/client/client.go:90.73,93.2 2 0
github.com/scalvert/glean-cli/internal/client/client.go:95.49,97.2 1 0
github.com/scalvert/glean-cli/internal/client/stream.go:30.109,32.16 2 0
github.com/scalvert/glean-cli/internal/client/stream.go:32.16,34.3 1 0
github.com/scalvert/glean-cli/internal/client/stream.go:36.2,37.17 2 0
github.com/scalvert/glean-cli/internal/client/stream.go:37.17,39.3 1 0
github.com/scalvert/glean-cli/internal/client/stream.go:40.2,40.17 1 0
github.com/scalvert/glean-cli/internal/client/stream.go:40.17,42.3 1 0
github.com/scalvert/glean-cli/internal/client/stream.go:44.2,50.28 4 0
github.com/scalvert/glean-cli/internal/client/stream.go:50.28,57.3 3 0
github.com/scalvert/glean-cli/internal/client/stream.go:59.2,60.16 2 0
github.com/scalvert/glean-cli/internal/client/stream.go:60.16,62.3 1 0
github.com/scalvert/glean-cli/internal/client/stream.go:64.2,66.16 3 0
github.com/scalvert/glean-cli/internal/client/stream.go:66.16,68.3 1 0
github.com/scalvert/glean-cli/internal/client/stream.go:69.2,73.26 4 0
github.com/scalvert/glean-cli/internal/client/stream.go:73.26,75.3 1 0
github.com/scalvert/glean-cli/internal/client/stream.go:77.2,78.16 2 0
github.com/scalvert/glean-cli/internal/client/stream.go:78.16,80.3 1 0
github.com/scalvert/glean-cli/internal/client/stream.go:81.2,81.38 1 0
github.com/scalvert/glean-cli/internal/client/stream.go:81.38,84.3 2 0
github.com/scalvert/glean-cli/internal/client/stream.go:86.2,86.23 1 0
github.com/scalvert/glean-cli/internal/theme/theme.go:34.44,36.2 1 0
github.com/scalvert/glean-cli/internal/theme/theme.go:39.59,41.2 1 0
github.com/scalvert/glean-cli/internal/theme/theme.go:47.64,48.28 1 0
github.com/scalvert/glean-cli/internal/theme/theme.go:48.28,49.14 1 0
github.com/scalvert/glean-cli/internal/theme/theme.go:49.14,51.4 1 0
github.com/scalvert/glean-cli/internal/theme/theme.go:52.3,52.18 1 0
github.com/scalvert/glean-cli/internal/theme/theme.go:81.51,90.2 1 0
github.com/scalvert/glean-cli/internal/theme/theme.go:93.21,95.2 1 0
github.com/scalvert/glean-cli/internal/theme/theme.go:98.22,100.2 1 0
github.com/scalvert/glean-cli/internal/theme/theme.go:103.21,105.2 1 0
github.com/scalvert/glean-cli/internal/utils/format.go:6.40,7.31 1 0
github.com/scalvert/glean-cli/internal/utils/format.go:7.31,9.3 1 0
github.com/scalvert/glean-cli/internal/utils/format.go:11.2,12.20 2 0
github.com/scalvert/glean-cli/internal/utils/format.go:12.20,14.3 1 0
github.com/scalvert/glean-cli/internal/utils/format.go:15.2,15.34 1 0
github.com/scalvert/glean-cli/internal/utils/format.go:15.34,16.24 1 0
github.com/scalvert/glean-cli/internal/utils/format.go:16.24,18.4 1 0
github.com/scalvert/glean-cli/internal/utils/format.go:20.2,20.22 1 0
github.com/scalvert/glean-cli/internal/utils/url.go:12.46,13.44 1 0
github.com/scalvert/glean-cli/internal/utils/url.go:13.44,15.3 1 0
github.com/scalvert/glean-cli/internal/utils/url.go:18.2,19.16 2 0
github.com/scalvert/glean-cli/internal/utils/url.go:19.16,21.3 1 0
github.com/scalvert/glean-cli/internal/utils/url.go:23.2,26.48 3 0
github.com/scalvert/glean-cli/internal/search/utils.go:15.30,18.2 2 0
github.com/scalvert/glean-cli/internal/search/utils.go:21.71,26.31 2 0
github.com/scalvert/glean-cli/internal/search/utils.go:26.31,31.3 1 0
github.com/scalvert/glean-cli/internal/search/utils.go:32.2,32.85 1 0
github.com/scalvert/glean-cli/internal/search/utils.go:37.65,50.32 5 0
github.com/scalvert/glean-cli/internal/search/utils.go:50.32,64.38 5 0
github.com/scalvert/glean-cli/internal/search/utils.go:64.38,67.32 3 0
github.com/scalvert/glean-cli/internal/search/utils.go:67.32,74.5 3 0
github.com/scalvert/glean-cli/internal/search/utils.go:75.4,75.62 1 0
github.com/scalvert/glean-cli/internal/search/utils.go:78.3,78.41 1 0
github.com/scalvert/glean-cli/internal/search/utils.go:78.41,80.4 1 0
github.com/scalvert/glean-cli/internal/search/utils.go:82.3,82.31 1 0
github.com/scalvert/glean-cli/internal/search/utils.go:85.2,85.12 1 0
github.com/scalvert/glean-cli/internal/search/utils.go:89.109,91.2 1 0
github.com/scalvert/glean-cli/internal/search/utils.go:94.89,96.16 2 0
github.com/scalvert/glean-cli/internal/search/utils.go:96.16,98.3 1 0
github.com/scalvert/glean-cli/internal/search/utils.go:100.2,101.16 2 0
github.com/scalvert/glean-cli/internal/search/utils.go:101.16,103.3 1 0
github.com/scalvert/glean-cli/internal/search/utils.go:105.2,106.12 2 0
github.com/scalvert/glean-cli/internal/search/utils.go:110.110,113.16 3 0
github.com/scalvert/glean-cli/internal/search/utils.go:113.16,115.3 1 0
github.com/scalvert/glean-cli/internal/search/utils.go:116.2,116.35 1 0
github.com/scalvert/glean-cli/internal/schema/registry.go:38.32,42.2 3 0
github.com/scalvert/glean-cli/internal/schema/registry.go:45.49,49.9 4 0
github.com/scalvert/glean-cli/internal/schema/registry.go:49.9,51.3 1 0
github.com/scalvert/glean-cli/internal/schema/registry.go:52.2,52.15 1 0
github.com/scalvert/glean-cli/internal/schema/registry.go:56.22,60.29 4 0
github.com/scalvert/glean-cli/internal/schema/registry.go:60.29,62.3 1 0
github.com/scalvert/glean-cli/internal/schema/registry.go:63.2,64.14 2 0
github.com/scalvert/glean-cli/internal/schema/registry.go:68.36,72.2 3 0
github.com/scalvert/glean-cli/internal/testutils/config.go:12.43,29.16 9 0
github.com/scalvert/glean-cli/internal/testutils/config.go:29.16,30.26 1 0
github.com/scalvert/glean-cli/internal/testutils/config.go:30.26,32.4 1 0
github.com/scalvert/glean-cli/internal/testutils/config.go:32.9,34.4 1 0
github.com/scalvert/glean-cli/internal/testutils/fixtures.go:22.59,31.29 3 0
github.com/scalvert/glean-cli/internal/testutils/fixtures.go:31.29,35.3 3 0
github.com/scalvert/glean-cli/internal/testutils/fixtures.go:37.2,37.10 1 0
github.com/scalvert/glean-cli/internal/testutils/fixtures.go:41.45,45.9 3 0
github.com/scalvert/glean-cli/internal/testutils/fixtures.go:45.9,47.3 1 0
github.com/scalvert/glean-cli/internal/testutils/fixtures.go:49.2,49.13 1 0
github.com/scalvert/glean-cli/internal/testutils/fixtures.go:56.53,67.29 7 0
github.com/scalvert/glean-cli/internal/testutils/fixtures.go:67.29,69.17 2 0
github.com/scalvert/glean-cli/internal/testutils/fixtures.go:69.17,70.12 1 0
github.com/scalvert/glean-cli/internal/testutils/fixtures.go:74.3,74.31 1 0
github.com/scalvert/glean-cli/internal/testutils/fixtures.go:74.31,76.4 1 0
github.com/scalvert/glean-cli/internal/testutils/fixtures.go:77.3,77.40 1 0
github.com/scalvert/glean-cli/internal/testutils/fixtures.go:81.2,81.19 1 0
github.com/scalvert/glean-cli/internal/testutils/fixtures.go:81.19,83.23 1 0
github.com/scalvert/glean-cli/internal/testutils/fixtures.go:83.23,85.51 2 0
github.com/scalvert/glean-cli/internal/testutils/fixtures.go:85.51,87.5 1 0
github.com/scalvert/glean-cli/internal/testutils/fixtures.go:87.10,90.5 1 0
github.com/scalvert/glean-cli/internal/testutils/fixtures.go:91.9,94.4 1 0
github.com/scalvert/glean-cli/internal/testutils/fixtures.go:98.2,99.38 2 0
github.com/scalvert/glean-cli/internal/testutils/fixtures.go:99.38,101.3 1 0
github.com/scalvert/glean-cli/internal/testutils/fixtures.go:103.2,103.23 1 0
github.com/scalvert/glean-cli/internal/testutils/fixtures.go:107.51,110.2 2 0
github.com/scalvert/glean-cli/internal/testutils/fixtures.go:113.49,118.16 4 0
github.com/scalvert/glean-cli/internal/testutils/fixtures.go:118.16,120.3 1 0
github.com/scalvert/glean-cli/internal/testutils/fixtures.go:122.2,122.13 1 0
github.com/scalvert/glean-cli/internal/testutils/fixtures.go:126.56,129.2 2 0
github.com/scalvert/glean-cli/internal/testutils/fixtures.go:132.53,133.29 1 0
github.com/scalvert/glean-cli/internal/testutils/fixtures.go:133.29,135.46 2 0
github.com/scalvert/glean-cli/internal/testutils/fixtures.go:135.46,136.26 1 0
github.com/scalvert/glean-cli/internal/testutils/fixtures.go:136.26,138.5 1 0
github.com/scalvert/glean-cli/internal/testutils/fixtures.go:139.4,139.70 1 0
github.com/scalvert/glean-cli/internal/testutils/fixtures.go:142.2,142.12 1 0
github.com/scalvert/glean-cli/internal/testutils/mock_client.go:31.71,33.18 2 0
github.com/scalvert/glean-cli/internal/testutils/mock_client.go:33.18,35.3 1 0
github.com/scalvert/glean-cli/internal/testutils/mock_client.go:36.2,37.21 2 0
github.com/scalvert/glean-cli/internal/testutils/mock_client.go:37.21,39.3 1 0
github.com/scalvert/glean-cli/internal/testutils/mock_client.go:42.2,43.23 2 0
github.com/scalvert/glean-cli/internal/testutils/mock_client.go:43.23,44.55 1 0
github.com/scalvert/glean-cli/internal/testutils/mock_client.go:44.55,46.4 1 0
github.com/scalvert/glean-cli/internal/testutils/mock_client.go:46.9,48.4 1 0
github.com/scalvert/glean-cli/internal/testutils/mock_client.go:50.2,54.8 1 0
github.com/scalvert/glean-cli/internal/testutils/mock_client.go:59.71,62.66 3 0
github.com/scalvert/glean-cli/internal/testutils/mock_client.go:62.66,68.3 1 0
github.com/scalvert/glean-cli/internal/testutils/mock_client.go:69.2,69.22 1 0
github.com/scalvert/glean-cli/internal/testutils/mock_client.go:69.22,71.3 1 0
github.com/scalvert/glean-cli/internal/testutils/setup.go:8.84,13.20 4 0
github.com/scalvert/glean-cli/internal/testutils/setup.go:13.20,16.3 2 0
github.com/scalvert/glean-cli/internal/testutils/setup.go:18.2,18.22 1 0
github.com/scalvert/glean-cli/internal/cmdutil/factory.go:24.119,25.12 1 0
github.com/scalvert/glean-cli/internal/cmdutil/factory.go:25.12,27.3 1 0
github.com/scalvert/glean-cli/internal/cmdutil/factory.go:29.2,30.16 2 0
github.com/scalvert/glean-cli/internal/cmdutil/factory.go:30.16,32.3 1 0
github.com/scalvert/glean-cli/internal/cmdutil/factory.go:34.2,34.60 1 0
github.com/scalvert/glean-cli/internal/cmdutil/factory.go:38.41,39.55 1 0
github.com/scalvert/glean-cli/internal/cmdutil/factory.go:39.55,41.3 1 0
github.com/scalvert/glean-cli/internal/cmdutil/factory.go:42.2,42.12 1 0
github.com/scalvert/glean-cli/internal/auth/auth.go:30.39,32.16 2 0
github.com/scalvert/glean-cli/internal/auth/auth.go:32.16,34.3 1 0
github.com/scalvert/glean-cli/internal/auth/auth.go:36.2,37.16 2 0
github.com/scalvert/glean-cli/internal/auth/auth.go:37.16,39.3 1 0
github.com/scalvert/glean-cli/internal/auth/auth.go:44.2,45.16 2 0
github.com/scalvert/glean-cli/internal/auth/auth.go:45.16,47.3 1 0
github.com/scalvert/glean-cli/internal/auth/auth.go:48.2,52.16 3 0
github.com/scalvert/glean-cli/internal/auth/auth.go:52.16,54.3 1 0
github.com/scalvert/glean-cli/internal/auth/auth.go:56.2,75.12 7 0
github.com/scalvert/glean-cli/internal/auth/auth.go:75.12,76.10 1 0
github.com/scalvert/glean-cli/internal/auth/auth.go:77.32,81.52 4 0
github.com/scalvert/glean-cli/internal/auth/auth.go:81.52,84.5 1 0
github.com/scalvert/glean-cli/internal/auth/auth.go:85.21,85.21 0 0
github.com/scalvert/glean-cli/internal/auth/auth.go:89.2,104.16 2 0
github.com/scalvert/glean-cli/internal/auth/auth.go:104.16,106.3 1 0
github.com/scalvert/glean-cli/internal/auth/auth.go:108.2,118.49 3 0
github.com/scalvert/glean-cli/internal/auth/auth.go:118.49,120.3 1 0
github.com/scalvert/glean-cli/internal/auth/auth.go:122.2,122.17 1 0
github.com/scalvert/glean-cli/internal/auth/auth.go:122.17,124.3 1 0
github.com/scalvert/glean-cli/internal/auth/auth.go:124.8,126.3 1 0
github.com/scalvert/glean-cli/internal/auth/auth.go:127.2,127.12 1 0
github.com/scalvert/glean-cli/internal/auth/auth.go:131.40,133.39 2 0
github.com/scalvert/glean-cli/internal/auth/auth.go:133.39,135.3 1 0
github.com/scalvert/glean-cli/internal/auth/auth.go:136.2,136.52 1 0
github.com/scalvert/glean-cli/internal/auth/auth.go:136.52,138.3 1 0
github.com/scalvert/glean-cli/internal/auth/auth.go:139.2,140.12 2 0
github.com/scalvert/glean-cli/internal/auth/auth.go:144.40,146.39 2 0
github.com/scalvert/glean-cli/internal/auth/auth.go:146.39,150.3 3 0
github.com/scalvert/glean-cli/internal/auth/auth.go:152.2,152.26 1 0
github.com/scalvert/glean-cli/internal/auth/auth.go:152.26,155.3 2 0
github.com/scalvert/glean-cli/internal/auth/auth.go:157.2,158.16 2 0
github.com/scalvert/glean-cli/internal/auth/auth.go:158.16,160.3 1 0
github.com/scalvert/glean-cli/internal/auth/auth.go:161.2,161.16 1 0
github.com/scalvert/glean-cli/internal/auth/auth.go:161.16,165.3 3 0
github.com/scalvert/glean-cli/internal/auth/auth.go:166.2,166.21 1 0
github.com/scalvert/glean-cli/internal/auth/auth.go:166.21,170.3 3 0
github.com/scalvert/glean-cli/internal/auth/auth.go:172.2,173.26 2 0
github.com/scalvert/glean-cli/internal/auth/auth.go:173.26,176.3 2 0
github.com/scalvert/glean-cli/internal/auth/auth.go:177.2,177.21 1 0
github.com/scalvert/glean-cli/internal/auth/auth.go:177.21,179.3 1 0
github.com/scalvert/glean-cli/internal/auth/auth.go:179.8,181.3 1 0
github.com/scalvert/glean-cli/internal/auth/auth.go:182.2,182.12 1 0
github.com/scalvert/glean-cli/internal/auth/auth.go:186.44,188.40 2 0
github.com/scalvert/glean-cli/internal/auth/auth.go:188.40,190.3 1 0
github.com/scalvert/glean-cli/internal/auth/auth.go:191.2,191.39 1 0
github.com/scalvert/glean-cli/internal/auth/auth.go:191.39,193.37 2 0
github.com/scalvert/glean-cli/internal/auth/auth.go:193.37,195.4 1 0
github.com/scalvert/glean-cli/internal/auth/auth.go:197.2,197.83 1 0
github.com/scalvert/glean-cli/internal/auth/auth.go:203.41,205.30 2 0
github.com/scalvert/glean-cli/internal/auth/auth.go:205.30,207.3 1 0
github.com/scalvert/glean-cli/internal/auth/auth.go:208.2,208.22 1 0
github.com/scalvert/glean-cli/internal/auth/auth.go:208.22,210.3 1 0
github.com/scalvert/glean-cli/internal/auth/auth.go:212.2,212.55 1 0
github.com/scalvert/glean-cli/internal/auth/auth.go:212.55,213.65 1 0
github.com/scalvert/glean-cli/internal/auth/auth.go:213.65,215.4 1 0
github.com/scalvert/glean-cli/internal/auth/auth.go:217.2,217.11 1 0
github.com/scalvert/glean-cli/internal/auth/auth.go:222.79,224.29 2 0
github.com/scalvert/glean-cli/internal/auth/auth.go:224.29,226.3 1 0
github.com/scalvert/glean-cli/internal/auth/auth.go:228.2,243.16 5 0
github.com/scalvert/glean-cli/internal/auth/auth.go:243.16,245.3 1 0
github.com/scalvert/glean-cli/internal/auth/auth.go:248.2,249.24 2 0
github.com/scalvert/glean-cli/internal/auth/auth.go:249.24,251.3 1 0
github.com/scalvert/glean-cli/internal/auth/auth.go:253.2,262.20 3 0
github.com/scalvert/glean-cli/internal/auth/auth.go:266.55,268.39 2 0
github.com/scalvert/glean-cli/internal/auth/auth.go:268.39,270.3 1 0
github.com/scalvert/glean-cli/internal/auth/auth.go:272.2,275.16 4 0
github.com/scalvert/glean-cli/internal/auth/auth.go:275.16,277.3 1 0
github.com/scalvert/glean-cli/internal/auth/auth.go:278.2,282.16 4 0
github.com/scalvert/glean-cli/internal/auth/auth.go:282.16,285.3 2 0
github.com/scalvert/glean-cli/internal/auth/auth.go:286.2,293.18 6 0
github.com/scalvert/glean-cli/internal/auth/auth.go:306.98,309.16 3 0
github.com/scalvert/glean-cli/internal/auth/auth.go:309.16,311.3 1 0
github.com/scalvert/glean-cli/internal/auth/auth.go:313.2,317.16 3 0
github.com/scalvert/glean-cli/internal/auth/auth.go:317.16,321.22 3 0
github.com/scalvert/glean-cli/internal/auth/auth.go:321.22,323.4 1 0
github.com/scalvert/glean-cli/internal/auth/auth.go:324.3,324.57 1 0
github.com/scalvert/glean-cli/internal/auth/auth.go:328.2,329.16 2 0
github.com/scalvert/glean-cli/internal/auth/auth.go:329.16,331.3 1 0
github.com/scalvert/glean-cli/internal/auth/auth.go:332.2,332.74 1 0
github.com/scalvert/glean-cli/internal/auth/auth.go:332.74,334.3 1 0
github.com/scalvert/glean-cli/internal/auth/auth.go:336.2,339.39 1 0
github.com/scalvert/glean-cli/internal/auth/auth.go:347.117,348.32 1 0
github.com/scalvert/glean-cli/internal/auth/auth.go:348.32,350.17 2 0
github.com/scalvert/glean-cli/internal/auth/auth.go:350.17,354.4 2 0
github.com/scalvert/glean-cli/internal/auth/auth.go:356.3,356.91 1 0
github.com/scalvert/glean-cli/internal/auth/auth.go:359.2,360.43 2 0
github.com/scalvert/glean-cli/internal/auth/auth.go:360.43,362.3 1 0
github.com/scalvert/glean-cli/internal/auth/auth.go:364.2,364.118 1 0
github.com/scalvert/glean-cli/internal/auth/auth.go:371.54,372.21 1 0
github.com/scalvert/glean-cli/internal/auth/auth.go:372.21,375.3 1 0
github.com/scalvert/glean-cli/internal/auth/auth.go:379.2,397.3 1 0
github.com/scalvert/glean-cli/internal/auth/auth.go:401.34,403.16 2 0
github.com/scalvert/glean-cli/internal/auth/auth.go:403.16,405.3 1 0
github.com/scalvert/glean-cli/internal/auth/auth.go:406.2,407.42 2 0
github.com/scalvert/glean-cli/internal/auth/auth.go:415.91,417.16 2 0
github.com/scalvert/glean-cli/internal/auth/auth.go:417.16,419.3 1 0
github.com/scalvert/glean-cli/internal/auth/auth.go:421.2,423.16 3 0
github.com/scalvert/glean-cli/internal/auth/auth.go:423.16,425.3 1 0
github.com/scalvert/glean-cli/internal/auth/auth.go:426.2,428.16 3 0
github.com/scalvert/glean-cli/internal/auth/auth.go:428.16,430.3 1 0
github.com/scalvert/glean-cli/internal/auth/auth.go:431.2,432.38 2 0
github.com/scalvert/glean-cli/internal/auth/auth.go:432.38,434.3 1 0
github.com/scalvert/glean-cli/internal/auth/auth.go:435.2,436.56 2 0
github.com/scalvert/glean-cli/internal/auth/auth.go:450.119,452.21 1 0
github.com/scalvert/glean-cli/internal/auth/auth.go:452.21,453.81 1 0
github.com/scalvert/glean-cli/internal/auth/auth.go:453.81,455.68 2 0
github.com/scalvert/glean-cli/internal/auth/auth.go:455.68,459.73 2 0
github.com/scalvert/glean-cli/internal/auth/auth.go:459.73,461.6 1 0
github.com/scalvert/glean-cli/internal/auth/auth.go:465.3,465.85 1 0
github.com/scalvert/glean-cli/internal/auth/auth.go:465.85,469.67 2 0
github.com/scalvert/glean-cli/internal/auth/auth.go:469.67,471.5 1 0
github.com/scalvert/glean-cli/internal/auth/auth.go:477.2,477.40 1 0
github.com/scalvert/glean-cli/internal/auth/auth.go:482.38,484.21 2 0
github.com/scalvert/glean-cli/internal/auth/auth.go:484.21,486.3 1 0
github.com/scalvert/glean-cli/internal/auth/auth.go:487.2,488.16 2 0
github.com/scalvert/glean-cli/internal/auth/auth.go:488.16,490.3 1 0
github.com/scalvert/glean-cli/internal/auth/auth.go:491.2,494.57 2 0
github.com/scalvert/glean-cli/internal/auth/auth.go:494.57,496.3 1 0
github.com/scalvert/glean-cli/internal/auth/auth.go:497.2,497.21 1 0
github.com/scalvert/glean-cli/internal/auth/auth.go:501.43,508.16 7 0
github.com/scalvert/glean-cli/internal/auth/auth.go:508.16,510.3 1 0
github.com/scalvert/glean-cli/internal/auth/auth.go:511.2,512.17 2 0
github.com/scalvert/glean-cli/internal/auth/auth.go:512.17,514.3 1 0
github.com/scalvert/glean-cli/internal/auth/auth.go:515.2,515.63 1 0
github.com/scalvert/glean-cli/internal/auth/auth.go:515.63,517.3 1 0
github.com/scalvert/glean-cli/internal/auth/auth.go:518.2,519.12 2 0
github.com/scalvert/glean-cli/internal/auth/discovery.go:22.102,25.16 3 1
github.com/scalvert/glean-cli/internal/auth/discovery.go:25.16,27.3 1 0
github.com/scalvert/glean-cli/internal/auth/discovery.go:28.2,31.16 3 1
github.com/scalvert/glean-cli/internal/auth/discovery.go:31.16,33.3 1 0
github.com/scalvert/glean-cli/internal/auth/discovery.go:34.2,36.25 2 1
github.com/scalvert/glean-cli/internal/auth/discovery.go:37.21,37.21 0 1
github.com/scalvert/glean-cli/internal/auth/discovery.go:38.27,39.88 1 1
github.com/scalvert/glean-cli/internal/auth/discovery.go:40.10,41.90 1 0
github.com/scalvert/glean-cli/internal/auth/discovery.go:44.2,45.65 2 1
github.com/scalvert/glean-cli/internal/auth/discovery.go:45.65,47.3 1 0
github.com/scalvert/glean-cli/internal/auth/discovery.go:48.2,48.41 1 1
github.com/scalvert/glean-cli/internal/auth/discovery.go:48.41,50.3 1 0
github.com/scalvert/glean-cli/internal/auth/discovery.go:51.2,51.19 1 1
github.com/scalvert/glean-cli/internal/auth/discovery.go:55.107,64.16 3 1
github.com/scalvert/glean-cli/internal/auth/discovery.go:64.16,66.3 1 0
github.com/scalvert/glean-cli/internal/auth/discovery.go:68.2,69.16 2 1
github.com/scalvert/glean-cli/internal/auth/discovery.go:69.16,71.3 1 0
github.com/scalvert/glean-cli/internal/auth/discovery.go:72.2,76.16 4 1
github.com/scalvert/glean-cli/internal/auth/discovery.go:76.16,78.3 1 0
github.com/scalvert/glean-cli/internal/auth/discovery.go:79.2,81.79 2 1
github.com/scalvert/glean-cli/internal/auth/discovery.go:81.79,83.3 1 0
github.com/scalvert/glean-cli/internal/auth/discovery.go:85.2,89.67 2 1
github.com/scalvert/glean-cli/internal/auth/discovery.go:89.67,91.3 1 0
github.com/scalvert/glean-cli/internal/auth/discovery.go:92.2,92.27 1 1
github.com/scalvert/glean-cli/internal/auth/discovery.go:92.27,94.3 1 0
github.com/scalvert/glean-cli/internal/auth/discovery.go:95.2,95.89 1 1
github.com/scalvert/glean-cli/internal/auth/domainlookup.go:19.74,21.2 1 0
github.com/scalvert/glean-cli/internal/auth/domainlookup.go:23.84,25.18 2 1
github.com/scalvert/glean-cli/internal/auth/domainlookup.go:25.18,27.3 1 0
github.com/scalvert/glean-cli/internal/auth/domainlookup.go:29.2,35.16 3 1
github.com/scalvert/glean-cli/internal/auth/domainlookup.go:35.16,37.3 1 0
github.com/scalvert/glean-cli/internal/auth/domainlookup.go:39.2,40.16 2 1
github.com/scalvert/glean-cli/internal/auth/domainlookup.go:40.16,42.3 1 0
github.com/scalvert/glean-cli/internal/auth/domainlookup.go:43.2,47.16 4 1
github.com/scalvert/glean-cli/internal/auth/domainlookup.go:47.16,49.3 1 0
github.com/scalvert/glean-cli/internal/auth/domainlookup.go:50.2,52.38 2 1
github.com/scalvert/glean-cli/internal/auth/domainlookup.go:52.38,54.3 1 0
github.com/scalvert/glean-cli/internal/auth/domainlookup.go:56.2,61.67 2 1
github.com/scalvert/glean-cli/internal/auth/domainlookup.go:61.67,63.3 1 0
github.com/scalvert/glean-cli/internal/auth/domainlookup.go:64.2,64.40 1 1
github.com/scalvert/glean-cli/internal/auth/domainlookup.go:64.40,66.3 1 1
github.com/scalvert/glean-cli/internal/auth/domainlookup.go:68.2,68.66 1 1
github.com/scalvert/glean-cli/internal/auth/domainlookup.go:71.41,73.39 2 1
github.com/scalvert/glean-cli/internal/auth/domainlookup.go:73.39,75.3 1 1
github.com/scalvert/glean-cli/internal/auth/domainlookup.go:76.2,76.17 1 1
github.com/scalvert/glean-cli/internal/auth/storage.go:23.41,24.23 1 1
github.com/scalvert/glean-cli/internal/auth/storage.go:24.23,26.3 1 1
github.com/scalvert/glean-cli/internal/auth/storage.go:27.2,27.57 1 1
github.com/scalvert/glean-cli/internal/auth/storage.go:37.35,42.2 4 1
github.com/scalvert/glean-cli/internal/auth/storage.go:44.37,44.92 1 1
github.com/scalvert/glean-cli/internal/auth/storage.go:45.37,45.92 1 1
github.com/scalvert/glean-cli/internal/auth/storage.go:47.35,49.47 2 1
github.com/scalvert/glean-cli/internal/auth/storage.go:49.47,51.3 1 0
github.com/scalvert/glean-cli/internal/auth/storage.go:52.2,52.28 1 1
github.com/scalvert/glean-cli/internal/auth/storage.go:55.42,58.16 3 1
github.com/scalvert/glean-cli/internal/auth/storage.go:58.16,60.3 1 0
github.com/scalvert/glean-cli/internal/auth/storage.go:61.2,61.54 1 1
github.com/scalvert/glean-cli/internal/auth/storage.go:61.54,63.3 1 0
github.com/scalvert/glean-cli/internal/auth/storage.go:64.2,64.45 1 1
github.com/scalvert/glean-cli/internal/auth/storage.go:64.45,66.3 1 0
github.com/scalvert/glean-cli/internal/auth/storage.go:67.2,67.29 1 1
github.com/scalvert/glean-cli/internal/auth/storage.go:70.41,72.16 2 1
github.com/scalvert/glean-cli/internal/auth/storage.go:72.16,74.3 1 1
github.com/scalvert/glean-cli/internal/auth/storage.go:75.2,75.32 1 1
github.com/scalvert/glean-cli/internal/auth/storage.go:79.55,80.40 1 1
github.com/scalvert/glean-cli/internal/auth/storage.go:80.40,82.3 1 0
github.com/scalvert/glean-cli/internal/auth/storage.go:83.2,83.41 1 1
github.com/scalvert/glean-cli/internal/auth/storage.go:87.53,89.57 2 1
github.com/scalvert/glean-cli/internal/auth/storage.go:89.57,90.25 1 1
github.com/scalvert/glean-cli/internal/auth/storage.go:90.25,92.4 1 1
github.com/scalvert/glean-cli/internal/auth/storage.go:93.3,93.18 1 0
github.com/scalvert/glean-cli/internal/auth/storage.go:95.2,95.18 1 1
github.com/scalvert/glean-cli/internal/auth/storage.go:99.38,101.24 2 1
github.com/scalvert/glean-cli/internal/auth/storage.go:101.24,103.3 1 0
github.com/scalvert/glean-cli/internal/auth/storage.go:104.2,104.12 1 1
github.com/scalvert/glean-cli/internal/auth/storage.go:108.54,109.40 1 1
github.com/scalvert/glean-cli/internal/auth/storage.go:109.40,111.3 1 0
github.com/scalvert/glean-cli/internal/auth/storage.go:112.2,112.40 1 1
github.com/scalvert/glean-cli/internal/auth/storage.go:116.53,118.56 2 1
github.com/scalvert/glean-cli/internal/auth/storage.go:118.56,119.25 1 0
github.com/scalvert/glean-cli/internal/auth/storage.go:119.25,121.4 1 0
github.com/scalvert/glean-cli/internal/auth/storage.go:122.3,122.18 1 0
github.com/scalvert/glean-cli/internal/auth/storage.go:124.2,124.17 1 1
github.com/scalvert/glean-cli/internal/llm/openapi.go:13.71,15.16 2 1
github.com/scalvert/glean-cli/internal/llm/openapi.go:15.16,17.3 1 0
github.com/scalvert/glean-cli/internal/llm/openapi.go:19.2,29.18 2 1
github.com/scalvert/glean-cli/internal/llm/openapi.go:29.18,31.3 1 1
github.com/scalvert/glean-cli/internal/llm/openapi.go:33.2,58.16 5 1
github.com/scalvert/glean-cli/internal/llm/openapi.go:58.16,60.3 1 0
github.com/scalvert/glean-cli/internal/llm/openapi.go:62.2,62.70 1 1
github.com/scalvert/glean-cli/internal/llm/openapi.go:62.70,64.3 1 1
github.com/scalvert/glean-cli/internal/llm/openapi.go:66.2,68.45 3 1
github.com/scalvert/glean-cli/internal/llm/openapi.go:68.45,69.27 1 1
github.com/scalvert/glean-cli/internal/llm/openapi.go:69.27,71.4 1 1
github.com/scalvert/glean-cli/internal/llm/openapi.go:74.2,74.46 1 1
github.com/scalvert/glean-cli/internal/output/fields.go:13.61,14.18 1 0
github.com/scalvert/glean-cli/internal/output/fields.go:14.18,16.3 1 0
github.com/scalvert/glean-cli/internal/output/fields.go:19.2,20.16 2 0
github.com/scalvert/glean-cli/internal/output/fields.go:20.16,22.3 1 0
github.com/scalvert/glean-cli/internal/output/fields.go:24.2,25.51 2 0
github.com/scalvert/glean-cli/internal/output/fields.go:25.51,27.3 1 0
github.com/scalvert/glean-cli/internal/output/fields.go:29.2,30.27 2 0
github.com/scalvert/glean-cli/internal/output/fields.go:30.27,32.3 1 0
github.com/scalvert/glean-cli/internal/output/fields.go:34.2,37.16 3 0
github.com/scalvert/glean-cli/internal/output/fields.go:37.16,39.3 1 0
github.com/scalvert/glean-cli/internal/output/fields.go:40.2,41.12 2 0
github.com/scalvert/glean-cli/internal/output/fields.go:45.52,46.27 1 0
github.com/scalvert/glean-cli/internal/output/fields.go:47.22,49.32 2 0
github.com/scalvert/glean-cli/internal/output/fields.go:49.32,52.29 3 0
github.com/scalvert/glean-cli/internal/output/fields.go:52.29,53.24 1 0
github.com/scalvert/glean-cli/internal/output/fields.go:53.24,55.6 1 0
github.com/scalvert/glean-cli/internal/output/fields.go:55.11,58.41 2 0
github.com/scalvert/glean-cli/internal/output/fields.go:58.41,60.50 1 0
github.com/scalvert/glean-cli/internal/output/fields.go:60.50,61.46 1 0
github.com/scalvert/glean-cli/internal/output/fields.go:61.46,62.32 1 0
github.com/scalvert/glean-cli/internal/output/fields.go:62.32,64.10 1 0
github.com/scalvert/glean-cli/internal/output/fields.go:65.9,66.17 2 0
github.com/scalvert/glean-cli/internal/output/fields.go:70.6,70.23 1 0
github.com/scalvert/glean-cli/internal/output/fields.go:74.3,74.16 1 0
github.com/scalvert/glean-cli/internal/output/fields.go:76.13,79.26 2 0
github.com/scalvert/glean-cli/internal/output/fields.go:79.26,81.4 1 0
github.com/scalvert/glean-cli/internal/output/fields.go:82.3,82.13 1 0
github.com/scalvert/glean-cli/internal/output/fields.go:84.10,85.15 1 0
github.com/scalvert/glean-cli/internal/output/formatter.go:21.42,23.16 2 0
github.com/scalvert/glean-cli/internal/output/formatter.go:23.16,25.3 1 0
github.com/scalvert/glean-cli/internal/output/formatter.go:26.2,27.12 2 0
github.com/scalvert/glean-cli/internal/output/formatter.go:33.44,35.63 1 0
github.com/scalvert/glean-cli/internal/output/formatter.go:35.63,36.37 1 0
github.com/scalvert/glean-cli/internal/output/formatter.go:36.37,37.60 1 0
github.com/scalvert/glean-cli/internal/output/formatter.go:37.60,39.5 1 0
github.com/scalvert/glean-cli/internal/output/formatter.go:41.3,41.13 1 0
github.com/scalvert/glean-cli/internal/output/formatter.go:44.2,45.30 2 0
github.com/scalvert/glean-cli/internal/output/formatter.go:45.30,46.17 1 0
github.com/scalvert/glean-cli/internal/output/formatter.go:46.17,48.4 1 0
github.com/scalvert/glean-cli/internal/output/formatter.go:49.3,49.17 1 0
github.com/scalvert/glean-cli/internal/output/formatter.go:52.2,52.32 1 0
github.com/scalvert/glean-cli/internal/output/formatter.go:52.32,55.17 2 0
github.com/scalvert/glean-cli/internal/output/formatter.go:55.17,57.4 1 0
github.com/scalvert/glean-cli/internal/output/formatter.go:58.3,59.13 2 0
github.com/scalvert/glean-cli/internal/output/formatter.go:62.2,62.26 1 0
github.com/scalvert/glean-cli/internal/output/formatter.go:62.26,64.17 2 0
github.com/scalvert/glean-cli/internal/output/formatter.go:64.17,66.4 1 0
github.com/scalvert/glean-cli/internal/output/formatter.go:67.3,68.17 2 0
github.com/scalvert/glean-cli/internal/output/formatter.go:68.17,70.4 1 0
github.com/scalvert/glean-cli/internal/output/formatter.go:72.2,72.12 1 0
github.com/scalvert/glean-cli/internal/output/formatter.go:77.103,78.22 1 0
github.com/scalvert/glean-cli/internal/output/formatter.go:79.20,80.27 1 0
github.com/scalvert/glean-cli/internal/output/formatter.go:81.18,82.20 1 0
github.com/scalvert/glean-cli/internal/output/formatter.go:82.20,84.4 1 0
github.com/scalvert/glean-cli/internal/output/formatter.go:85.3,85.25 1 0
github.com/scalvert/glean-cli/internal/output/formatter.go:86.10,87.25 1 0
github.com/scalvert/glean-cli/internal/output/output.go:41.61,42.27 1 1
github.com/scalvert/glean-cli/internal/output/output.go:42.27,44.3 1 1
github.com/scalvert/glean-cli/internal/output/output.go:46.2,46.48 1 1
github.com/scalvert/glean-cli/internal/output/output.go:51.67,53.2 1 1
github.com/scalvert/glean-cli/internal/output/output.go:57.40,59.2 1 1
github.com/scalvert/glean-cli/internal/output/output.go:63.65,64.16 1 1
github.com/scalvert/glean-cli/internal/output/output.go:65.18,67.24 1 1
github.com/scalvert/glean-cli/internal/output/output.go:67.24,70.4 2 0
github.com/scalvert/glean-cli/internal/output/output.go:71.3,72.69 2 1
github.com/scalvert/glean-cli/internal/output/output.go:72.69,74.4 1 0
github.com/scalvert/glean-cli/internal/output/output.go:75.3,76.13 2 1
github.com/scalvert/glean-cli/internal/output/output.go:77.18,79.39 2 1
github.com/scalvert/glean-cli/internal/output/output.go:79.39,81.4 1 1
github.com/scalvert/glean-cli/internal/output/output.go:82.3,83.13 2 1
github.com/scalvert/glean-cli/internal/output/output.go:84.10,86.39 2 0
github.com/scalvert/glean-cli/internal/output/output.go:86.39,88.4 1 0
github.com/scalvert/glean-cli/internal/output/output.go:89.3,90.13 2 0
github.com/scalvert/glean-cli/internal/output/output.go:97.71,99.23 1 1
github.com/scalvert/glean-cli/internal/output/output.go:99.23,102.3 2 1
github.com/scalvert/glean-cli/internal/output/output.go:104.2,105.16 2 1
github.com/scalvert/glean-cli/internal/output/output.go:106.18,109.27 2 1
github.com/scalvert/glean-cli/internal/output/output.go:109.27,111.4 1 1
github.com/scalvert/glean-cli/internal/output/output.go:112.18,113.29 1 1
github.com/scalvert/glean-cli/internal/output/output.go:114.10,115.26 1 0
github.com/scalvert/glean-cli/internal/output/output.go:118.2,119.22 2 1
github.com/scalvert/glean-cli/internal/output/output.go:119.22,121.3 1 0
github.com/scalvert/glean-cli/internal/output/output.go:123.2,124.18 2 1
github.com/scalvert/glean-cli/internal/output/output.go:124.18,126.3 1 0
github.com/scalvert/glean-cli/internal/output/output.go:128.2,129.16 2 1
github.com/scalvert/glean-cli/internal/output/output.go:129.16,131.3 1 0
github.com/scalvert/glean-cli/internal/output/output.go:133.2,133.73 1 1
github.com/scalvert/glean-cli/internal/output/output.go:133.73,135.3 1 0
github.com/scalvert/glean-cli/internal/output/output.go:138.2,138.50 1 1
github.com/scalvert/glean-cli/internal/output/output.go:138.50,140.39 2 1
github.com/scalvert/glean-cli/internal/output/output.go:140.39,142.4 1 1
github.com/scalvert/glean-cli/internal/output/output.go:144.2,144.12 1 1
github.com/scalvert/glean-cli/internal/config/config.go:47.37,48.21 1 0
github.com/scalvert/glean-cli/internal/config/config.go:48.21,50.3 1 0
github.com/scalvert/glean-cli/internal/config/config.go:51.2,51.77 1 0
github.com/scalvert/glean-cli/internal/config/config.go:57.40,58.34 1 1
github.com/scalvert/glean-cli/internal/config/config.go:58.34,60.3 1 1
github.com/scalvert/glean-cli/internal/config/config.go:61.2,61.13 1 1
github.com/scalvert/glean-cli/internal/config/config.go:65.60,67.2 1 1
github.com/scalvert/glean-cli/internal/config/config.go:73.36,77.25 3 1
github.com/scalvert/glean-cli/internal/config/config.go:77.25,79.3 1 1
github.com/scalvert/glean-cli/internal/config/config.go:80.2,80.25 1 1
github.com/scalvert/glean-cli/internal/config/config.go:80.25,82.3 1 1
github.com/scalvert/glean-cli/internal/config/config.go:83.2,83.26 1 1
github.com/scalvert/glean-cli/internal/config/config.go:83.26,85.3 1 1
github.com/scalvert/glean-cli/internal/config/config.go:86.2,86.26 1 1
github.com/scalvert/glean-cli/internal/config/config.go:86.26,88.3 1 1
github.com/scalvert/glean-cli/internal/config/config.go:90.2,90.73 1 1
github.com/scalvert/glean-cli/internal/config/config.go:90.73,92.17 2 1
github.com/scalvert/glean-cli/internal/config/config.go:92.17,94.4 1 0
github.com/scalvert/glean-cli/internal/config/config.go:95.3,95.26 1 1
github.com/scalvert/glean-cli/internal/config/config.go:95.26,97.4 1 1
github.com/scalvert/glean-cli/internal/config/config.go:98.3,98.26 1 1
github.com/scalvert/glean-cli/internal/config/config.go:98.26,100.4 1 1
github.com/scalvert/glean-cli/internal/config/config.go:101.3,101.27 1 1
github.com/scalvert/glean-cli/internal/config/config.go:101.27,103.4 1 1
github.com/scalvert/glean-cli/internal/config/config.go:104.3,104.27 1 1
github.com/scalvert/glean-cli/internal/config/config.go:104.27,106.4 1 1
github.com/scalvert/glean-cli/internal/config/config.go:109.2,109.17 1 1
github.com/scalvert/glean-cli/internal/config/config.go:114.28,116.48 2 1
github.com/scalvert/glean-cli/internal/config/config.go:116.48,118.3 1 1
github.com/scalvert/glean-cli/internal/config/config.go:119.2,119.43 1 1
github.com/scalvert/glean-cli/internal/config/config.go:119.43,121.3 1 1
github.com/scalvert/glean-cli/internal/config/config.go:122.2,122.43 1 1
github.com/scalvert/glean-cli/internal/config/config.go:122.43,124.3 1 0
github.com/scalvert/glean-cli/internal/config/config.go:125.2,125.44 1 1
github.com/scalvert/glean-cli/internal/config/config.go:125.44,127.3 1 0
github.com/scalvert/glean-cli/internal/config/config.go:128.2,128.54 1 1
github.com/scalvert/glean-cli/internal/config/config.go:128.54,130.3 1 0
github.com/scalvert/glean-cli/internal/config/config.go:131.2,131.58 1 1
github.com/scalvert/glean-cli/internal/config/config.go:131.58,133.3 1 0
github.com/scalvert/glean-cli/internal/config/config.go:134.2,134.12 1 1
github.com/scalvert/glean-cli/internal/config/config.go:139.56,140.16 1 1
github.com/scalvert/glean-cli/internal/config/config.go:140.16,142.17 2 1
github.com/scalvert/glean-cli/internal/config/config.go:142.17,144.4 1 0
github.com/scalvert/glean-cli/internal/config/config.go:145.3,145.19 1 1
github.com/scalvert/glean-cli/internal/config/config.go:148.2,149.16 2 1
github.com/scalvert/glean-cli/internal/config/config.go:149.16,150.69 1 1
github.com/scalvert/glean-cli/internal/config/config.go:150.69,152.4 1 1
github.com/scalvert/glean-cli/internal/config/config.go:154.2,154.16 1 1
github.com/scalvert/glean-cli/internal/config/config.go:154.16,155.69 1 0
github.com/scalvert/glean-cli/internal/config/config.go:155.69,157.4 1 0
github.com/scalvert/glean-cli/internal/config/config.go:159.2,159.17 1 1
github.com/scalvert/glean-cli/internal/config/config.go:159.17,160.71 1 1
github.com/scalvert/glean-cli/internal/config/config.go:160.71,162.4 1 1
github.com/scalvert/glean-cli/internal/config/config.go:164.2,164.17 1 1
github.com/scalvert/glean-cli/internal/config/config.go:164.17,165.71 1 1
github.com/scalvert/glean-cli/internal/config/config.go:165.71,167.4 1 1
github.com/scalvert/glean-cli/internal/config/config.go:170.2,172.16 3 1
github.com/scalvert/glean-cli/internal/config/config.go:172.16,174.3 1 1
github.com/scalvert/glean-cli/internal/config/config.go:176.2,176.16 1 1
github.com/scalvert/glean-cli/internal/config/config.go:176.16,178.3 1 1
github.com/scalvert/glean-cli/internal/config/config.go:179.2,179.16 1 1
github.com/scalvert/glean-cli/internal/config/config.go:179.16,181.3 1 0
github.com/scalvert/glean-cli/internal/config/config.go:182.2,182.17 1 1
github.com/scalvert/glean-cli/internal/config/config.go:182.17,184.3 1 1
github.com/scalvert/glean-cli/internal/config/config.go:185.2,185.17 1 1
github.com/scalvert/glean-cli/internal/config/config.go:185.17,187.3 1 1
github.com/scalvert/glean-cli/internal/config/config.go:189.2,189.61 1 1
github.com/scalvert/glean-cli/internal/config/config.go:189.61,191.3 1 1
github.com/scalvert/glean-cli/internal/config/config.go:193.2,193.12 1 1
github.com/scalvert/glean-cli/internal/config/config.go:198.59,200.49 2 0
github.com/scalvert/glean-cli/internal/config/config.go:200.49,202.3 1 0
github.com/scalvert/glean-cli/internal/config/config.go:203.2,203.20 1 0
github.com/scalvert/glean-cli/internal/config/config.go:203.20,205.3 1 0
github.com/scalvert/glean-cli/internal/config/config.go:206.2,206.24 1 0
github.com/scalvert/glean-cli/internal/config/config.go:206.24,208.3 1 0
github.com/scalvert/glean-cli/internal/config/config.go:209.2,209.24 1 0
github.com/scalvert/glean-cli/internal/config/config.go:213.26,216.95 2 1
github.com/scalvert/glean-cli/internal/config/config.go:216.95,218.3 1 0
github.com/scalvert/glean-cli/internal/config/config.go:219.2,219.95 1 1
github.com/scalvert/glean-cli/internal/config/config.go:219.95,221.3 1 0
github.com/scalvert/glean-cli/internal/config/config.go:222.2,222.96 1 1
github.com/scalvert/glean-cli/internal/config/config.go:222.96,224.3 1 0
github.com/scalvert/glean-cli/internal/config/config.go:225.2,225.96 1 1
github.com/scalvert/glean-cli/internal/config/config.go:225.96,227.3 1 0
github.com/scalvert/glean-cli/internal/config/config.go:229.2,229.22 1 1
github.com/scalvert/glean-cli/internal/config/config.go:229.22,230.70 1 1
github.com/scalvert/glean-cli/internal/config/config.go:230.70,231.25 1 0
github.com/scalvert/glean-cli/internal/config/config.go:231.25,233.5 1 0
github.com/scalvert/glean-cli/internal/config/config.go:234.4,234.60 1 0
github.com/scalvert/glean-cli/internal/config/config.go:238.2,238.23 1 1
github.com/scalvert/glean-cli/internal/config/config.go:238.23,240.3 1 0
github.com/scalvert/glean-cli/internal/config/config.go:242.2,242.12 1 1
github.com/scalvert/glean-cli/internal/config/config.go:248.66,250.2 1 0
github.com/scalvert/glean-cli/internal/config/config.go:252.63,254.2 1 0
github.com/scalvert/glean-cli/internal/config/config.go:256.59,258.2 1 0
github.com/scalvert/glean-cli/internal/config/config.go:262.13,264.16 2 1
github.com/scalvert/glean-cli/internal/config/config.go:264.16,266.3 1 1
github.com/scalvert/glean-cli/internal/config/config.go:269.32,272.68 2 1
github.com/scalvert/glean-cli/internal/config/config.go:272.68,274.3 1 1
github.com/scalvert/glean-cli/internal/config/config.go:276.2,276.68 1 1
github.com/scalvert/glean-cli/internal/config/config.go:276.68,278.3 1 0
github.com/scalvert/glean-cli/internal/config/config.go:280.2,280.70 1 1
github.com/scalvert/glean-cli/internal/config/config.go:280.70,282.3 1 1
github.com/scalvert/glean-cli/internal/config/config.go:284.2,284.70 1 1
github.com/scalvert/glean-cli/internal/config/config.go:284.70,286.3 1 1
github.com/scalvert/glean-cli/internal/config/config.go:288.2,288.12 1 1
github.com/scalvert/glean-cli/internal/config/config.go:291.38,292.22 1 1
github.com/scalvert/glean-cli/internal/config/config.go:292.22,294.3 1 0
github.com/scalvert/glean-cli/internal/config/config.go:296.2,297.16 2 1
github.com/scalvert/glean-cli/internal/config/config.go:297.16,298.25 1 1
github.com/scalvert/glean-cli/internal/config/config.go:298.25,300.4 1 1
github.com/scalvert/glean-cli/internal/config/config.go:301.3,301.63 1 1
github.com/scalvert/glean-cli/internal/config/config.go:304.2,305.51 2 1
github.com/scalvert/glean-cli/internal/config/config.go:305.51,307.3 1 1
github.com/scalvert/glean-cli/internal/config/config.go:309.2,309.18 1 1
github.com/scalvert/glean-cli/internal/config/config.go:312.36,313.22 1 1
github.com/scalvert/glean-cli/internal/config/config.go:313.22,315.3 1 0
github.com/scalvert/glean-cli/internal/config/config.go:317.2,317.68 1 1
github.com/scalvert/glean-cli/internal/config/config.go:317.68,319.3 1 1
github.com/scalvert/glean-cli/internal/config/config.go:321.2,322.16 2 1
github.com/scalvert/glean-cli/internal/config/config.go:322.16,324.3 1 0
github.com/scalvert/glean-cli/internal/config/config.go:326.2,326.61 1 1
github.com/scalvert/glean-cli/internal/config/config.go:326.61,328.3 1 0
github.com/scalvert/glean-cli/internal/config/config.go:330.2,330.12 1 1
github.com/scalvert/glean-cli/cmd/activity.go:13.38,29.2 3 1
github.com/scalvert/glean-cli/cmd/activity.go:31.44,37.55 3 1
github.com/scalvert/glean-cli/cmd/activity.go:37.55,38.25 1 1
github.com/scalvert/glean-cli/cmd/activity.go:38.25,40.5 1 0
github.com/scalvert/glean-cli/cmd/activity.go:41.4,42.68 2 1
github.com/scalvert/glean-cli/cmd/activity.go:42.68,44.5 1 0
github.com/scalvert/glean-cli/cmd/activity.go:45.4,45.14 1 1
github.com/scalvert/glean-cli/cmd/activity.go:45.14,47.5 1 1
github.com/scalvert/glean-cli/cmd/activity.go:48.4,49.18 2 0
github.com/scalvert/glean-cli/cmd/activity.go:49.18,51.5 1 0
github.com/scalvert/glean-cli/cmd/activity.go:52.4,53.14 2 0
github.com/scalvert/glean-cli/cmd/activity.go:56.2,58.12 3 1
github.com/scalvert/glean-cli/cmd/activity.go:61.46,67.55 3 1
github.com/scalvert/glean-cli/cmd/activity.go:67.55,68.25 1 0
github.com/scalvert/glean-cli/cmd/activity.go:68.25,70.5 1 0
github.com/scalvert/glean-cli/cmd/activity.go:71.4,72.68 2 0
github.com/scalvert/glean-cli/cmd/activity.go:72.68,74.5 1 0
github.com/scalvert/glean-cli/cmd/activity.go:75.4,75.14 1 0
github.com/scalvert/glean-cli/cmd/activity.go:75.14,77.5 1 0
github.com/scalvert/glean-cli/cmd/activity.go:78.4,79.18 2 0
github.com/scalvert/glean-cli/cmd/activity.go:79.18,81.5 1 0
github.com/scalvert/glean-cli/cmd/activity.go:82.4,83.14 2 0
github.com/scalvert/glean-cli/cmd/activity.go:86.2,88.12 3 1
github.com/scalvert/glean-cli/cmd/agents.go:13.36,33.2 3 1
github.com/scalvert/glean-cli/cmd/agents.go:35.40,41.55 3 1
github.com/scalvert/glean-cli/cmd/agents.go:41.55,43.25 2 1
github.com/scalvert/glean-cli/cmd/agents.go:43.25,44.69 1 1
github.com/scalvert/glean-cli/cmd/agents.go:44.69,46.6 1 1
github.com/scalvert/glean-cli/cmd/agents.go:48.4,48.14 1 1
github.com/scalvert/glean-cli/cmd/agents.go:48.14,50.5 1 0
github.com/scalvert/glean-cli/cmd/agents.go:51.4,52.18 2 1
github.com/scalvert/glean-cli/cmd/agents.go:52.18,54.5 1 0
github.com/scalvert/glean-cli/cmd/agents.go:55.4,56.18 2 1
github.com/scalvert/glean-cli/cmd/agents.go:56.18,58.5 1 0
github.com/scalvert/glean-cli/cmd/agents.go:59.4,59.76 1 1
github.com/scalvert/glean-cli/cmd/agents.go:62.2,65.12 4 1
github.com/scalvert/glean-cli/cmd/agents.go:68.39,74.55 2 1
github.com/scalvert/glean-cli/cmd/agents.go:74.55,77.18 3 0
github.com/scalvert/glean-cli/cmd/agents.go:77.18,79.5 1 0
github.com/scalvert/glean-cli/cmd/agents.go:80.4,81.18 2 0
github.com/scalvert/glean-cli/cmd/agents.go:81.18,83.5 1 0
github.com/scalvert/glean-cli/cmd/agents.go:84.4,84.76 1 0
github.com/scalvert/glean-cli/cmd/agents.go:87.2,88.12 2 1
github.com/scalvert/glean-cli/cmd/agents.go:91.43,97.55 2 1
github.com/scalvert/glean-cli/cmd/agents.go:97.55,99.18 2 0
github.com/scalvert/glean-cli/cmd/agents.go:99.18,101.5 1 0
github.com/scalvert/glean-cli/cmd/agents.go:102.4,103.18 2 0
github.com/scalvert/glean-cli/cmd/agents.go:103.18,105.5 1 0
github.com/scalvert/glean-cli/cmd/agents.go:106.4,106.76 1 0
github.com/scalvert/glean-cli/cmd/agents.go:109.2,110.12 2 1
github.com/scalvert/glean-cli/cmd/agents.go:113.39,119.55 3 1
github.com/scalvert/glean-cli/cmd/agents.go:119.55,120.25 1 1
github.com/scalvert/glean-cli/cmd/agents.go:120.25,122.5 1 1
github.com/scalvert/glean-cli/cmd/agents.go:123.4,124.68 2 1
github.com/scalvert/glean-cli/cmd/agents.go:124.68,126.5 1 1
github.com/scalvert/glean-cli/cmd/agents.go:127.4,127.14 1 1
github.com/scalvert/glean-cli/cmd/agents.go:127.14,129.5 1 1
github.com/scalvert/glean-cli/cmd/agents.go:130.4,131.18 2 0
github.com/scalvert/glean-cli/cmd/agents.go:131.18,133.5 1 0
github.com/scalvert/glean-cli/cmd/agents.go:134.4,135.18 2 0
github.com/scalvert/glean-cli/cmd/agents.go:135.18,137.5 1 0
github.com/scalvert/glean-cli/cmd/agents.go:138.4,138.76 1 0
github.com/scalvert/glean-cli/cmd/agents.go:141.2,144.12 4 1
github.com/scalvert/glean-cli/cmd/announcements.go:13.43,30.2 3 1
github.com/scalvert/glean-cli/cmd/announcements.go:32.49,38.55 3 1
github.com/scalvert/glean-cli/cmd/announcements.go:38.55,39.25 1 1
github.com/scalvert/glean-cli/cmd/announcements.go:39.25,41.5 1 0
github.com/scalvert/glean-cli/cmd/announcements.go:42.4,43.68 2 1
github.com/scalvert/glean-cli/cmd/announcements.go:43.68,45.5 1 0
github.com/scalvert/glean-cli/cmd/announcements.go:46.4,46.14 1 1
github.com/scalvert/glean-cli/cmd/announcements.go:46.14,48.5 1 1
github.com/scalvert/glean-cli/cmd/announcements.go:49.4,50.18 2 0
github.com/scalvert/glean-cli/cmd/announcements.go:50.18,52.5 1 0
github.com/scalvert/glean-cli/cmd/announcements.go:53.4,54.18 2 0
github.com/scalvert/glean-cli/cmd/announcements.go:54.18,56.5 1 0
github.com/scalvert/glean-cli/cmd/announcements.go:57.4,57.76 1 0
github.com/scalvert/glean-cli/cmd/announcements.go:60.2,63.12 4 1
github.com/scalvert/glean-cli/cmd/announcements.go:66.49,72.55 3 1
github.com/scalvert/glean-cli/cmd/announcements.go:72.55,73.25 1 0
github.com/scalvert/glean-cli/cmd/announcements.go:73.25,75.5 1 0
github.com/scalvert/glean-cli/cmd/announcements.go:76.4,77.68 2 0
github.com/scalvert/glean-cli/cmd/announcements.go:77.68,79.5 1 0
github.com/scalvert/glean-cli/cmd/announcements.go:80.4,80.14 1 0
github.com/scalvert/glean-cli/cmd/announcements.go:80.14,82.5 1 0
github.com/scalvert/glean-cli/cmd/announcements.go:83.4,84.18 2 0
github.com/scalvert/glean-cli/cmd/announcements.go:84.18,86.5 1 0
github.com/scalvert/glean-cli/cmd/announcements.go:87.4,88.18 2 0
github.com/scalvert/glean-cli/cmd/announcements.go:88.18,90.5 1 0
github.com/scalvert/glean-cli/cmd/announcements.go:91.4,91.76 1 0
github.com/scalvert/glean-cli/cmd/announcements.go:94.2,97.12 4 1
github.com/scalvert/glean-cli/cmd/announcements.go:100.49,105.55 2 1
github.com/scalvert/glean-cli/cmd/announcements.go:105.55,106.25 1 0
github.com/scalvert/glean-cli/cmd/announcements.go:106.25,108.5 1 0
github.com/scalvert/glean-cli/cmd/announcements.go:109.4,110.68 2 0
github.com/scalvert/glean-cli/cmd/announcements.go:110.68,112.5 1 0
github.com/scalvert/glean-cli/cmd/announcements.go:113.4,114.18 2 0
github.com/scalvert/glean-cli/cmd/announcements.go:114.18,116.5 1 0
github.com/scalvert/glean-cli/cmd/announcements.go:117.4,118.14 2 0
github.com/scalvert/glean-cli/cmd/announcements.go:121.2,122.12 2 1
github.com/scalvert/glean-cli/cmd/answers.go:13.37,33.2 3 1
github.com/scalvert/glean-cli/cmd/answers.go:35.41,41.55 3 1
github.com/scalvert/glean-cli/cmd/answers.go:41.55,43.25 2 1
github.com/scalvert/glean-cli/cmd/answers.go:43.25,44.69 1 0
github.com/scalvert/glean-cli/cmd/answers.go:44.69,46.6 1 0
github.com/scalvert/glean-cli/cmd/answers.go:48.4,48.14 1 1
github.com/scalvert/glean-cli/cmd/answers.go:48.14,50.5 1 1
github.com/scalvert/glean-cli/cmd/answers.go:51.4,52.18 2 0
github.com/scalvert/glean-cli/cmd/answers.go:52.18,54.5 1 0
github.com/scalvert/glean-cli/cmd/answers.go:55.4,56.18 2 0
github.com/scalvert/glean-cli/cmd/answers.go:56.18,58.5 1 0
github.com/scalvert/glean-cli/cmd/answers.go:59.4,59.76 1 0
github.com/scalvert/glean-cli/cmd/answers.go:62.2,65.12 4 1
github.com/scalvert/glean-cli/cmd/answers.go:68.40,73.55 2 1
github.com/scalvert/glean-cli/cmd/answers.go:73.55,74.25 1 0
github.com/scalvert/glean-cli/cmd/answers.go:74.25,76.5 1 0
github.com/scalvert/glean-cli/cmd/answers.go:77.4,78.68 2 0
github.com/scalvert/glean-cli/cmd/answers.go:78.68,80.5 1 0
github.com/scalvert/glean-cli/cmd/answers.go:81.4,82.18 2 0
github.com/scalvert/glean-cli/cmd/answers.go:82.18,84.5 1 0
[...]
github.com/scalvert/glean-cli/cmd/entities.go:53.4,54.18 2 0
github.com/scalvert/glean-cli/cmd/entities.go:54.18,56.5 1 0
github.com/scalvert/glean-cli/cmd/entities.go:57.4,58.18 2 0
github.com/scalvert/glean-cli/cmd/entities.go:58.18,60.5 1 0
github.com/scalvert/glean-cli/cmd/entities.go:61.4,61.76 1 0
github.com/scalvert/glean-cli/cmd/entities.go:64.2,67.12 4 1
github.com/scalvert/glean-cli/cmd/entities.go:70.48,75.55 2 1
github.com/scalvert/glean-cli/cmd/entities.go:75.55,76.25 1 0
github.com/scalvert/glean-cli/cmd/entities.go:76.25,78.5 1 0
github.com/scalvert/glean-cli/cmd/entities.go:79.4,80.68 2 0
github.com/scalvert/glean-cli/cmd/entities.go:80.68,82.5 1 0
github.com/scalvert/glean-cli/cmd/entities.go:83.4,84.18 2 0
github.com/scalvert/glean-cli/cmd/entities.go:84.18,86.5 1 0
github.com/scalvert/glean-cli/cmd/entities.go:87.4,88.18 2 0
github.com/scalvert/glean-cli/cmd/entities.go:88.18,90.5 1 0
github.com/scalvert/glean-cli/cmd/entities.go:91.4,91.76 1 0
github.com/scalvert/glean-cli/cmd/entities.go:94.2,96.12 3 1
github.com/scalvert/glean-cli/cmd/generate.go:15.38,23.48 1 1
github.com/scalvert/glean-cli/cmd/generate.go:23.48,24.37 1 1
github.com/scalvert/glean-cli/cmd/generate.go:24.37,26.5 1 0
github.com/scalvert/glean-cli/cmd/generate.go:30.2,32.12 2 1
github.com/scalvert/glean-cli/cmd/insights.go:13.38,26.2 3 1
github.com/scalvert/glean-cli/cmd/insights.go:28.41,34.55 3 1
github.com/scalvert/glean-cli/cmd/insights.go:34.55,35.25 1 1
github.com/scalvert/glean-cli/cmd/insights.go:35.25,37.5 1 1
github.com/scalvert/glean-cli/cmd/insights.go:38.4,39.68 2 1
github.com/scalvert/glean-cli/cmd/insights.go:39.68,41.5 1 1
github.com/scalvert/glean-cli/cmd/insights.go:42.4,42.14 1 1
github.com/scalvert/glean-cli/cmd/insights.go:42.14,44.5 1 1
github.com/scalvert/glean-cli/cmd/insights.go:45.4,46.18 2 0
github.com/scalvert/glean-cli/cmd/insights.go:46.18,48.5 1 0
github.com/scalvert/glean-cli/cmd/insights.go:49.4,50.18 2 0
github.com/scalvert/glean-cli/cmd/insights.go:50.18,52.5 1 0
github.com/scalvert/glean-cli/cmd/insights.go:53.4,53.76 1 0
github.com/scalvert/glean-cli/cmd/insights.go:56.2,59.12 4 1
github.com/scalvert/glean-cli/cmd/messages.go:13.38,28.2 3 1
github.com/scalvert/glean-cli/cmd/messages.go:30.41,36.55 3 1
github.com/scalvert/glean-cli/cmd/messages.go:36.55,37.25 1 1
github.com/scalvert/glean-cli/cmd/messages.go:37.25,39.5 1 0
github.com/scalvert/glean-cli/cmd/messages.go:40.4,41.68 2 1
github.com/scalvert/glean-cli/cmd/messages.go:41.68,43.5 1 0
github.com/scalvert/glean-cli/cmd/messages.go:44.4,44.14 1 1
github.com/scalvert/glean-cli/cmd/messages.go:44.14,46.5 1 1
github.com/scalvert/glean-cli/cmd/messages.go:47.4,48.18 2 0
github.com/scalvert/glean-cli/cmd/messages.go:48.18,50.5 1 0
github.com/scalvert/glean-cli/cmd/messages.go:51.4,52.18 2 0
github.com/scalvert/glean-cli/cmd/messages.go:52.18,54.5 1 0
github.com/scalvert/glean-cli/cmd/messages.go:55.4,55.76 1 0
github.com/scalvert/glean-cli/cmd/messages.go:58.2,61.12 4 1
github.com/scalvert/glean-cli/cmd/openapi_spec.go:22.41,56.55 2 1
github.com/scalvert/glean-cli/cmd/openapi_spec.go:56.55,60.53 3 1
github.com/scalvert/glean-cli/cmd/openapi_spec.go:60.53,62.19 2 0
github.com/scalvert/glean-cli/cmd/openapi_spec.go:62.19,64.6 1 0
github.com/scalvert/glean-cli/cmd/openapi_spec.go:65.5,65.24 1 0
github.com/scalvert/glean-cli/cmd/openapi_spec.go:65.24,67.6 1 0
github.com/scalvert/glean-cli/cmd/openapi_spec.go:68.10,70.19 2 1
github.com/scalvert/glean-cli/cmd/openapi_spec.go:70.19,72.6 1 0
github.com/scalvert/glean-cli/cmd/openapi_spec.go:75.4,76.18 2 1
github.com/scalvert/glean-cli/cmd/openapi_spec.go:76.18,78.5 1 0
github.com/scalvert/glean-cli/cmd/openapi_spec.go:80.4,80.29 1 1
github.com/scalvert/glean-cli/cmd/openapi_spec.go:80.29,81.77 1 0
github.com/scalvert/glean-cli/cmd/openapi_spec.go:81.77,83.6 1 0
github.com/scalvert/glean-cli/cmd/openapi_spec.go:84.5,85.15 2 0
github.com/scalvert/glean-cli/cmd/openapi_spec.go:88.4,91.6 1 1
github.com/scalvert/glean-cli/cmd/openapi_spec.go:95.2,101.12 6 1
github.com/scalvert/glean-cli/cmd/pins.go:14.34,34.2 3 1
github.com/scalvert/glean-cli/cmd/pins.go:36.38,42.55 3 1
github.com/scalvert/glean-cli/cmd/pins.go:42.55,44.25 2 1
github.com/scalvert/glean-cli/cmd/pins.go:44.25,45.69 1 0
github.com/scalvert/glean-cli/cmd/pins.go:45.69,47.6 1 0
github.com/scalvert/glean-cli/cmd/pins.go:49.4,49.14 1 1
github.com/scalvert/glean-cli/cmd/pins.go:49.14,51.5 1 0
github.com/scalvert/glean-cli/cmd/pins.go:52.4,53.18 2 1
github.com/scalvert/glean-cli/cmd/pins.go:53.18,55.5 1 0
github.com/scalvert/glean-cli/cmd/pins.go:56.4,57.18 2 1
github.com/scalvert/glean-cli/cmd/pins.go:57.18,59.5 1 0
github.com/scalvert/glean-cli/cmd/pins.go:60.4,60.76 1 1
github.com/scalvert/glean-cli/cmd/pins.go:63.2,66.12 4 1
github.com/scalvert/glean-cli/cmd/pins.go:69.37,74.55 2 1
github.com/scalvert/glean-cli/cmd/pins.go:74.55,75.25 1 0
github.com/scalvert/glean-cli/cmd/pins.go:75.25,77.5 1 0
github.com/scalvert/glean-cli/cmd/pins.go:78.4,79.68 2 0
github.com/scalvert/glean-cli/cmd/pins.go:79.68,81.5 1 0
github.com/scalvert/glean-cli/cmd/pins.go:82.4,83.18 2 0
github.com/scalvert/glean-cli/cmd/pins.go:83.18,85.5 1 0
github.com/scalvert/glean-cli/cmd/pins.go:86.4,87.18 2 0
github.com/scalvert/glean-cli/cmd/pins.go:87.18,89.5 1 0
github.com/scalvert/glean-cli/cmd/pins.go:90.4,90.76 1 0
github.com/scalvert/glean-cli/cmd/pins.go:93.2,95.12 3 1
github.com/scalvert/glean-cli/cmd/pins.go:98.40,104.55 3 1
github.com/scalvert/glean-cli/cmd/pins.go:104.55,105.25 1 1
github.com/scalvert/glean-cli/cmd/pins.go:105.25,107.5 1 0
github.com/scalvert/glean-cli/cmd/pins.go:108.4,109.68 2 1
github.com/scalvert/glean-cli/cmd/pins.go:109.68,111.5 1 0
github.com/scalvert/glean-cli/cmd/pins.go:112.4,112.14 1 1
github.com/scalvert/glean-cli/cmd/pins.go:112.14,114.5 1 1
github.com/scalvert/glean-cli/cmd/pins.go:115.4,116.18 2 0
github.com/scalvert/glean-cli/cmd/pins.go:116.18,118.5 1 0
github.com/scalvert/glean-cli/cmd/pins.go:119.4,120.18 2 0
github.com/scalvert/glean-cli/cmd/pins.go:120.18,122.5 1 0
github.com/scalvert/glean-cli/cmd/pins.go:123.4,123.76 1 0
github.com/scalvert/glean-cli/cmd/pins.go:126.2,129.12 4 1
github.com/scalvert/glean-cli/cmd/pins.go:132.40,138.55 3 1
github.com/scalvert/glean-cli/cmd/pins.go:138.55,139.25 1 0
github.com/scalvert/glean-cli/cmd/pins.go:139.25,141.5 1 0
github.com/scalvert/glean-cli/cmd/pins.go:142.4,143.68 2 0
github.com/scalvert/glean-cli/cmd/pins.go:143.68,145.5 1 0
github.com/scalvert/glean-cli/cmd/pins.go:146.4,146.14 1 0
github.com/scalvert/glean-cli/cmd/pins.go:146.14,148.5 1 0
github.com/scalvert/glean-cli/cmd/pins.go:149.4,150.18 2 0
github.com/scalvert/glean-cli/cmd/pins.go:150.18,152.5 1 0
github.com/scalvert/glean-cli/cmd/pins.go:153.4,154.18 2 0
github.com/scalvert/glean-cli/cmd/pins.go:154.18,156.5 1 0
github.com/scalvert/glean-cli/cmd/pins.go:157.4,157.76 1 0
github.com/scalvert/glean-cli/cmd/pins.go:160.2,163.12 4 1
github.com/scalvert/glean-cli/cmd/pins.go:166.40,171.55 2 1
github.com/scalvert/glean-cli/cmd/pins.go:171.55,172.25 1 0
github.com/scalvert/glean-cli/cmd/pins.go:172.25,174.5 1 0
github.com/scalvert/glean-cli/cmd/pins.go:175.4,176.68 2 0
github.com/scalvert/glean-cli/cmd/pins.go:176.68,178.5 1 0
github.com/scalvert/glean-cli/cmd/pins.go:179.4,180.18 2 0
github.com/scalvert/glean-cli/cmd/pins.go:180.18,182.5 1 0
github.com/scalvert/glean-cli/cmd/pins.go:183.4,184.14 2 0
github.com/scalvert/glean-cli/cmd/pins.go:187.2,188.12 2 1
github.com/scalvert/glean-cli/cmd/root.go:25.34,38.61 3 1
github.com/scalvert/glean-cli/cmd/root.go:38.61,40.4 1 1
github.com/scalvert/glean-cli/cmd/root.go:41.55,43.18 2 0
github.com/scalvert/glean-cli/cmd/root.go:43.18,45.5 1 0
github.com/scalvert/glean-cli/cmd/root.go:48.4,48.57 1 0
github.com/scalvert/glean-cli/cmd/root.go:48.57,50.5 1 0
github.com/scalvert/glean-cli/cmd/root.go:55.4,56.23 2 0
github.com/scalvert/glean-cli/cmd/root.go:56.23,58.5 1 0
github.com/scalvert/glean-cli/cmd/root.go:63.4,64.76 2 0
github.com/scalvert/glean-cli/cmd/root.go:64.76,66.20 2 0
github.com/scalvert/glean-cli/cmd/root.go:66.20,68.6 1 0
github.com/scalvert/glean-cli/cmd/root.go:69.5,69.20 1 0
github.com/scalvert/glean-cli/cmd/root.go:69.20,71.6 1 0
github.com/scalvert/glean-cli/cmd/root.go:74.4,75.18 2 0
github.com/scalvert/glean-cli/cmd/root.go:75.18,77.5 1 0
github.com/scalvert/glean-cli/cmd/root.go:79.4,82.74 3 0
github.com/scalvert/glean-cli/cmd/root.go:82.74,84.5 1 0
github.com/scalvert/glean-cli/cmd/root.go:85.4,85.14 1 0
github.com/scalvert/glean-cli/cmd/root.go:93.2,114.4 5 1
github.com/scalvert/glean-cli/cmd/root.go:114.4,117.3 2 1
github.com/scalvert/glean-cli/cmd/root.go:119.2,133.4 1 1
github.com/scalvert/glean-cli/cmd/root.go:133.4,136.3 2 1
github.com/scalvert/glean-cli/cmd/root.go:139.2,139.40 1 1
github.com/scalvert/glean-cli/cmd/root.go:139.40,142.3 2 1
github.com/scalvert/glean-cli/cmd/root.go:144.2,144.12 1 1
github.com/scalvert/glean-cli/cmd/root.go:149.22,150.42 1 1
github.com/scalvert/glean-cli/cmd/root.go:150.42,153.3 2 0
github.com/scalvert/glean-cli/cmd/root.go:154.2,154.12 1 1
github.com/scalvert/glean-cli/cmd/root.go:157.13,159.2 1 1
github.com/scalvert/glean-cli/cmd/schema.go:11.13,231.2 18 1
github.com/scalvert/glean-cli/cmd/schema.go:234.36,249.55 1 1
github.com/scalvert/glean-cli/cmd/schema.go:249.55,250.22 1 0
github.com/scalvert/glean-cli/cmd/schema.go:250.22,255.19 4 0
github.com/scalvert/glean-cli/cmd/schema.go:255.19,257.6 1 0
github.com/scalvert/glean-cli/cmd/schema.go:258.5,259.15 2 0
github.com/scalvert/glean-cli/cmd/schema.go:262.4,263.18 2 0
github.com/scalvert/glean-cli/cmd/schema.go:263.18,265.5 1 0
github.com/scalvert/glean-cli/cmd/schema.go:266.4,267.18 2 0
github.com/scalvert/glean-cli/cmd/schema.go:267.18,269.5 1 0
github.com/scalvert/glean-cli/cmd/schema.go:270.4,271.14 2 0
github.com/scalvert/glean-cli/cmd/schema.go:274.2,274.12 1 1
github.com/scalvert/glean-cli/cmd/search.go:16.36,43.55 6 1
github.com/scalvert/glean-cli/cmd/search.go:43.55,44.43 1 1
github.com/scalvert/glean-cli/cmd/search.go:44.43,46.5 1 1
github.com/scalvert/glean-cli/cmd/search.go:48.4,49.18 2 1
github.com/scalvert/glean-cli/cmd/search.go:49.18,51.5 1 0
github.com/scalvert/glean-cli/cmd/search.go:54.4,54.25 1 1
github.com/scalvert/glean-cli/cmd/search.go:54.25,56.69 2 1
github.com/scalvert/glean-cli/cmd/search.go:56.69,58.6 1 0
github.com/scalvert/glean-cli/cmd/search.go:59.5,59.15 1 1
github.com/scalvert/glean-cli/cmd/search.go:59.15,61.6 1 0
github.com/scalvert/glean-cli/cmd/search.go:62.5,63.19 2 1
github.com/scalvert/glean-cli/cmd/search.go:63.19,65.6 1 0
github.com/scalvert/glean-cli/cmd/search.go:66.5,66.92 1 1
github.com/scalvert/glean-cli/cmd/search.go:70.4,70.112 1 1
github.com/scalvert/glean-cli/cmd/search.go:70.112,72.5 1 0
github.com/scalvert/glean-cli/cmd/search.go:73.4,73.94 1 1
github.com/scalvert/glean-cli/cmd/search.go:73.94,75.5 1 0
github.com/scalvert/glean-cli/cmd/search.go:76.4,76.91 1 1
github.com/scalvert/glean-cli/cmd/search.go:76.91,78.5 1 0
github.com/scalvert/glean-cli/cmd/search.go:79.4,79.34 1 1
github.com/scalvert/glean-cli/cmd/search.go:79.34,81.5 1 0
github.com/scalvert/glean-cli/cmd/search.go:82.4,83.80 2 1
github.com/scalvert/glean-cli/cmd/search.go:83.80,85.5 1 1
github.com/scalvert/glean-cli/cmd/search.go:86.4,86.86 1 1
github.com/scalvert/glean-cli/cmd/search.go:86.86,88.5 1 1
github.com/scalvert/glean-cli/cmd/search.go:89.4,89.92 1 1
github.com/scalvert/glean-cli/cmd/search.go:89.92,91.5 1 1
github.com/scalvert/glean-cli/cmd/search.go:92.4,92.92 1 1
github.com/scalvert/glean-cli/cmd/search.go:92.92,94.5 1 1
github.com/scalvert/glean-cli/cmd/search.go:95.4,95.97 1 1
github.com/scalvert/glean-cli/cmd/search.go:95.97,97.5 1 1
github.com/scalvert/glean-cli/cmd/search.go:98.4,98.81 1 1
github.com/scalvert/glean-cli/cmd/search.go:98.81,100.5 1 1
github.com/scalvert/glean-cli/cmd/search.go:102.4,104.14 2 1
github.com/scalvert/glean-cli/cmd/search.go:104.14,106.5 1 1
github.com/scalvert/glean-cli/cmd/search.go:108.4,109.18 2 1
github.com/scalvert/glean-cli/cmd/search.go:109.18,111.5 1 0
github.com/scalvert/glean-cli/cmd/search.go:112.4,112.20 1 1
github.com/scalvert/glean-cli/cmd/search.go:112.20,114.5 1 0
github.com/scalvert/glean-cli/cmd/search.go:115.4,115.76 1 1
github.com/scalvert/glean-cli/cmd/search.go:119.2,139.12 18 1
github.com/scalvert/glean-cli/cmd/shortcuts.go:13.39,34.2 3 1
github.com/scalvert/glean-cli/cmd/shortcuts.go:36.43,42.55 3 1
github.com/scalvert/glean-cli/cmd/shortcuts.go:42.55,44.25 2 1
github.com/scalvert/glean-cli/cmd/shortcuts.go:44.25,45.69 1 0
github.com/scalvert/glean-cli/cmd/shortcuts.go:45.69,47.6 1 0
github.com/scalvert/glean-cli/cmd/shortcuts.go:49.4,49.14 1 1
github.com/scalvert/glean-cli/cmd/shortcuts.go:49.14,51.5 1 0
github.com/scalvert/glean-cli/cmd/shortcuts.go:52.4,53.18 2 1
github.com/scalvert/glean-cli/cmd/shortcuts.go:53.18,55.5 1 0
github.com/scalvert/glean-cli/cmd/shortcuts.go:56.4,57.18 2 1
github.com/scalvert/glean-cli/cmd/shortcuts.go:57.18,59.5 1 0
github.com/scalvert/glean-cli/cmd/shortcuts.go:60.4,60.107 1 1
github.com/scalvert/glean-cli/cmd/shortcuts.go:63.2,66.12 4 1
github.com/scalvert/glean-cli/cmd/shortcuts.go:69.42,74.55 2 1
github.com/scalvert/glean-cli/cmd/shortcuts.go:74.55,75.25 1 0
github.com/scalvert/glean-cli/cmd/shortcuts.go:75.25,77.5 1 0
github.com/scalvert/glean-cli/cmd/shortcuts.go:78.4,79.18 2 0
github.com/scalvert/glean-cli/cmd/shortcuts.go:79.18,81.5 1 0
github.com/scalvert/glean-cli/cmd/shortcuts.go:82.4,83.68 2 0
github.com/scalvert/glean-cli/cmd/shortcuts.go:83.68,85.5 1 0
github.com/scalvert/glean-cli/cmd/shortcuts.go:86.4,87.18 2 0
github.com/scalvert/glean-cli/cmd/shortcuts.go:87.18,89.5 1 0
github.com/scalvert/glean-cli/cmd/shortcuts.go:90.4,90.76 1 0
github.com/scalvert/glean-cli/cmd/shortcuts.go:93.2,95.12 3 1
github.com/scalvert/glean-cli/cmd/shortcuts.go:98.45,104.55 3 1
github.com/scalvert/glean-cli/cmd/shortcuts.go:104.55,105.25 1 1
github.com/scalvert/glean-cli/cmd/shortcuts.go:105.25,107.5 1 0
github.com/scalvert/glean-cli/cmd/shortcuts.go:108.4,109.68 2 1
github.com/scalvert/glean-cli/cmd/shortcuts.go:109.68,111.5 1 0
github.com/scalvert/glean-cli/cmd/shortcuts.go:112.4,112.14 1 1
github.com/scalvert/glean-cli/cmd/shortcuts.go:112.14,114.5 1 1
github.com/scalvert/glean-cli/cmd/shortcuts.go:115.4,116.18 2 0
github.com/scalvert/glean-cli/cmd/shortcuts.go:116.18,118.5 1 0
github.com/scalvert/glean-cli/cmd/shortcuts.go:119.4,120.18 2 0
github.com/scalvert/glean-cli/cmd/shortcuts.go:120.18,122.5 1 0
github.com/scalvert/glean-cli/cmd/shortcuts.go:123.4,123.76 1 0
github.com/scalvert/glean-cli/cmd/shortcuts.go:126.2,129.12 4 1
github.com/scalvert/glean-cli/cmd/shortcuts.go:132.45,138.55 3 1
github.com/scalvert/glean-cli/cmd/shortcuts.go:138.55,139.25 1 0
github.com/scalvert/glean-cli/cmd/shortcuts.go:139.25,141.5 1 0
github.com/scalvert/glean-cli/cmd/shortcuts.go:142.4,143.68 2 0
github.com/scalvert/glean-cli/cmd/shortcuts.go:143.68,145.5 1 0
github.com/scalvert/glean-cli/cmd/shortcuts.go:146.4,146.14 1 0
github.com/scalvert/glean-cli/cmd/shortcuts.go:146.14,148.5 1 0
github.com/scalvert/glean-cli/cmd/shortcuts.go:149.4,150.18 2 0
github.com/scalvert/glean-cli/cmd/shortcuts.go:150.18,152.5 1 0
github.com/scalvert/glean-cli/cmd/shortcuts.go:153.4,154.18 2 0
github.com/scalvert/glean-cli/cmd/shortcuts.go:154.18,156.5 1 0
github.com/scalvert/glean-cli/cmd/shortcuts.go:157.4,157.76 1 0
github.com/scalvert/glean-cli/cmd/shortcuts.go:160.2,163.12 4 1
github.com/scalvert/glean-cli/cmd/shortcuts.go:166.45,171.55 2 1
github.com/scalvert/glean-cli/cmd/shortcuts.go:171.55,172.25 1 0
github.com/scalvert/glean-cli/cmd/shortcuts.go:172.25,174.5 1 0
github.com/scalvert/glean-cli/cmd/shortcuts.go:175.4,176.68 2 0
github.com/scalvert/glean-cli/cmd/shortcuts.go:176.68,178.5 1 0
github.com/scalvert/glean-cli/cmd/shortcuts.go:179.4,180.18 2 0
github.com/scalvert/glean-cli/cmd/shortcuts.go:180.18,182.5 1 0
github.com/scalvert/glean-cli/cmd/shortcuts.go:183.4,184.14 2 0
github.com/scalvert/glean-cli/cmd/shortcuts.go:187.2,188.12 2 1
github.com/scalvert/glean-cli/cmd/tools.go:13.35,30.2 3 1
github.com/scalvert/glean-cli/cmd/tools.go:32.39,38.55 3 1
github.com/scalvert/glean-cli/cmd/tools.go:38.55,39.14 1 1
github.com/scalvert/glean-cli/cmd/tools.go:39.14,41.5 1 0
github.com/scalvert/glean-cli/cmd/tools.go:42.4,43.18 2 1
github.com/scalvert/glean-cli/cmd/tools.go:43.18,45.5 1 0
github.com/scalvert/glean-cli/cmd/tools.go:46.4,47.18 2 1
github.com/scalvert/glean-cli/cmd/tools.go:47.18,49.5 1 0
github.com/scalvert/glean-cli/cmd/tools.go:50.4,50.76 1 1
github.com/scalvert/glean-cli/cmd/tools.go:53.2,55.12 3 1
github.com/scalvert/glean-cli/cmd/tools.go:58.38,81.55 3 1
github.com/scalvert/glean-cli/cmd/tools.go:81.55,82.25 1 1
github.com/scalvert/glean-cli/cmd/tools.go:82.25,84.5 1 1
github.com/scalvert/glean-cli/cmd/tools.go:85.4,86.68 2 1
github.com/scalvert/glean-cli/cmd/tools.go:86.68,88.5 1 1
github.com/scalvert/glean-cli/cmd/tools.go:89.4,89.14 1 0
github.com/scalvert/glean-cli/cmd/tools.go:89.14,91.5 1 0
github.com/scalvert/glean-cli/cmd/tools.go:92.4,93.18 2 0
github.com/scalvert/glean-cli/cmd/tools.go:93.18,95.5 1 0
github.com/scalvert/glean-cli/cmd/tools.go:96.4,97.18 2 0
github.com/scalvert/glean-cli/cmd/tools.go:97.18,99.5 1 0
github.com/scalvert/glean-cli/cmd/tools.go:100.4,100.76 1 0
github.com/scalvert/glean-cli/cmd/tools.go:103.2,106.12 4 1
github.com/scalvert/glean-cli/cmd/verification.go:13.42,32.2 3 1
github.com/scalvert/glean-cli/cmd/verification.go:34.46,40.55 3 1
github.com/scalvert/glean-cli/cmd/verification.go:40.55,41.14 1 1
github.com/scalvert/glean-cli/cmd/verification.go:41.14,43.5 1 0
github.com/scalvert/glean-cli/cmd/verification.go:44.4,45.18 2 1
github.com/scalvert/glean-cli/cmd/verification.go:45.18,47.5 1 0
github.com/scalvert/glean-cli/cmd/verification.go:48.4,49.18 2 1
github.com/scalvert/glean-cli/cmd/verification.go:49.18,51.5 1 0
github.com/scalvert/glean-cli/cmd/verification.go:52.4,52.76 1 1
github.com/scalvert/glean-cli/cmd/verification.go:55.2,57.12 3 1
github.com/scalvert/glean-cli/cmd/verification.go:60.48,66.55 3 1
github.com/scalvert/glean-cli/cmd/verification.go:66.55,67.25 1 1
github.com/scalvert/glean-cli/cmd/verification.go:67.25,69.5 1 1
github.com/scalvert/glean-cli/cmd/verification.go:70.4,71.68 2 1
github.com/scalvert/glean-cli/cmd/verification.go:71.68,73.5 1 1
github.com/scalvert/glean-cli/cmd/verification.go:74.4,74.14 1 0
github.com/scalvert/glean-cli/cmd/verification.go:74.14,76.5 1 0
github.com/scalvert/glean-cli/cmd/verification.go:77.4,78.18 2 0
github.com/scalvert/glean-cli/cmd/verification.go:78.18,80.5 1 0
github.com/scalvert/glean-cli/cmd/verification.go:81.4,82.18 2 0
github.com/scalvert/glean-cli/cmd/verification.go:82.18,84.5 1 0
github.com/scalvert/glean-cli/cmd/verification.go:85.4,85.76 1 0
github.com/scalvert/glean-cli/cmd/verification.go:88.2,91.12 4 1
github.com/scalvert/glean-cli/cmd/verification.go:94.48,100.55 3 1
github.com/scalvert/glean-cli/cmd/verification.go:100.55,101.25 1 1
github.com/scalvert/glean-cli/cmd/verification.go:101.25,103.5 1 1
github.com/scalvert/glean-cli/cmd/verification.go:104.4,105.68 2 1
github.com/scalvert/glean-cli/cmd/verification.go:105.68,107.5 1 1
github.com/scalvert/glean-cli/cmd/verification.go:108.4,108.14 1 0
github.com/scalvert/glean-cli/cmd/verification.go:108.14,110.5 1 0
github.com/scalvert/glean-cli/cmd/verification.go:111.4,112.18 2 0
github.com/scalvert/glean-cli/cmd/verification.go:112.18,114.5 1 0
github.com/scalvert/glean-cli/cmd/verification.go:115.4,116.18 2 0
github.com/scalvert/glean-cli/cmd/verification.go:116.18,118.5 1 0
github.com/scalvert/glean-cli/cmd/verification.go:119.4,119.76 1 0
github.com/scalvert/glean-cli/cmd/verification.go:122.2,125.12 4 1
github.com/scalvert/glean-cli/cmd/version.go:12.27,14.2 1 0
github.com/scalvert/glean-cli/cmd/version.go:17.37,21.48 1 1
github.com/scalvert/glean-cli/cmd/version.go:21.48,23.4 1 0
